# 
# Questa Static Verification System
# Version 2019.2_1 linux_x86_64 18 May 2019

log created Tue Dec 17 20:38:52 2019 by hz2619 on cadpc14


Command: netlist elaborate
Command arguments:
    -zdb
      /homes/user/stud/fall19/hz2619/hanoi54/quickstart_propcheck/Output_Results/qcache/DB/zdb_1
    -tool propcheck
    -d move_disk


## Elaborating Design...
Reading MTI mapping for library mapping
Writing all MTI mappings to vmap output ...

Top level modules:
	move_disk

Analyzing design...
-- Loading module z0in_work.move_disk
Optimizing 1 design-unit (inlining 0/1 module instances):
-- Optimizing module z0in_work.move_disk(fast)
Warning : Illegal bit addressing.  Variable 'rod_data', Module 'move_disk', File '/homes/user/stud/fall19/hz2619/hanoi54/quickstart_propcheck/src/vlog/towersofhanoi.sv', Line 86.  [elaboration-215]
        : Processing will continue.
Warning : Illegal bit addressing.  Variable 'rod_data', Module 'move_disk', File '/homes/user/stud/fall19/hz2619/hanoi54/quickstart_propcheck/src/vlog/towersofhanoi.sv', Line 94.  [elaboration-215]
        : Processing will continue.
Optimized design name is zi_opt_csl_1401993344_1
Summary: 2 Warnings in processing "netlist elaborate"
End of log Tue Dec 17 20:38:53 2019


# 
# Questa Static Verification System
# Version 2019.2_1 linux_x86_64 18 May 2019

log created Tue Dec 17 20:38:53 2019 by hz2619 on cadpc14


Command: netlist create
Command arguments:
    -zdb
      /homes/user/stud/fall19/hz2619/hanoi54/quickstart_propcheck/Output_Results/qcache/DB/zdb_1
    -tool propcheck
    -d move_disk


## Synthesizing netlist...
Processing module 'move_disk'
Elaborating module 'move_disk'.
Processed 100 assertion language directives.

##Time Taken (Synthesis) = 850000.000000 ticks = 0.850000 secs

Summary: 2 Warnings in processing "netlist create"
End of log Tue Dec 17 20:38:55 2019


# 
# Questa Static Verification System
# Version 2019.2_1 linux_x86_64 18 May 2019

log created Tue Dec 17 20:38:55 2019 by hz2619 on cadpc14


Command: formal compile
Command arguments:
    -zdb
      /homes/user/stud/fall19/hz2619/hanoi54/quickstart_propcheck/Output_Results/qcache/DB/zdb_1
    -d move_disk


## Processing Formal Logic...
Processing module 'move_disk'
Restoring module 'move_disk'.
Flattening design 'move_disk'.
Info    : Detected reset.  Reset: rst, polarity: synchronous, active: high.  [netlist-12]
Info    : Detected clock.  Clock: clk, polarity: posedge.  [netlist-11]
Design is processed for formal verification.  Design 'move_disk'.

Clocks
------------------------------------------------------------------------------
Port                                   Period         Waveform    Edges
------------------------------------------------------------------------------
clk                                        10              0 5    PE   
------------------------------------------------------------------------------

Blackboxes
------------------------------------------------------------------------------
Module name                                                Reason
------------------------------------------------------------------------------
<no blackboxed modules>
------------------------------------------------------------------------------

Inferred directives
------------------------------------------------------------------------------
<no inferred directives>
------------------------------------------------------------------------------

Design is linked for formal analysis.  Design 'move_disk'.
Formal model has been created.

Property Summary
-------------------------------------------------------------------------------
Total  Directives :170
Assert Directives :165
Assume Directives :0
Cover  Directives :5

SVA Summary
-------------------------------------------------------------------------------
SVA Directive Type        Directives           Checkers
-------------------------------------------------------------------------------
Assert                       165                 165
Assume                         0                   0
Cover                          5                   5
-------------------------------------------------------------------------------

To see results in the GUI run:
qverify /homes/user/stud/fall19/hz2619/hanoi54/quickstart_propcheck/Output_Results/formal_compile.db


Message Summary
---------------------------------------------------------------------------
Count  Type     Message ID         Summary
---------------------------------------------------------------------------
    2  Warning  elaboration-215    Illegal bit addressing.
    1  Info     netlist-11         Detected clock.
    1  Info     netlist-12         Detected reset.

Summary: 2 Warnings in formal compile
Final Process Statistics: Max memory 718MB, CPU time 2s, Total time 4s
End of log Tue Dec 17 20:38:56 2019


