-------------------------------------------------------------------------------
Questa PropCheck Version 2019.2_1 linux_x86_64 18 May 2019
-------------------------------------------------------------------------------
Report Generated               : Tue Dec 17 20:38:57 2019
-------------------------------------------------------------------------------

Command-line arguments:
	-jobs 4 \ 
	-init qs_files/twoersofhanoi.init \ 
	-timeout 5m 

-------------------------------------------------------------------------------

Clock Relationships
-------------------------------------------------------------------------------
clk : P


Port Constraints
-------------------------------------------------------------------------------
Type                 Clock Domain         Value         Port
-------------------------------------------------------------------------------
Clock                <n/a>                -            'clk'
Unconstrained        <none>               -            'from_rod'
Unconstrained        <none>               -            'rst'
Unconstrained        <none>               -            'to_rod'
-------------------------------------------------------------------------------



Using user-specified initialization sequence:

---------------- BEGIN RESET SEQUENCE --------------
$default_clock clk
$default_input_value 0
rst = 1'b1
##
rst = 1'b0

---------------- END RESET SEQUENCE ----------------


-------------------------------------------------------------------------------
Assumptions (0)
-------------------------------------------------------------------------------
<no assumptions>
-------------------------------------------------------------------------------


-------------------------------------------------------------------------------
Active Targets (170)
-------------------------------------------------------------------------------
assert_bigsmall_disk_0_21_10
assert_bigsmall_disk_0_21_21
assert_bigsmall_disk_0_21_32
assert_bigsmall_disk_0_21_43
assert_bigsmall_disk_0_31_10
assert_bigsmall_disk_0_31_21
assert_bigsmall_disk_0_31_32
assert_bigsmall_disk_0_31_43
assert_bigsmall_disk_0_32_10
assert_bigsmall_disk_0_32_21
assert_bigsmall_disk_0_32_32
assert_bigsmall_disk_0_32_43
assert_bigsmall_disk_0_41_10
assert_bigsmall_disk_0_41_21
assert_bigsmall_disk_0_41_32
assert_bigsmall_disk_0_41_43
assert_bigsmall_disk_0_42_10
assert_bigsmall_disk_0_42_21
assert_bigsmall_disk_0_42_32
assert_bigsmall_disk_0_42_43
assert_bigsmall_disk_0_43_10
assert_bigsmall_disk_0_43_21
assert_bigsmall_disk_0_43_32
assert_bigsmall_disk_0_43_43
assert_bigsmall_disk_0_51_10
assert_bigsmall_disk_0_51_21
assert_bigsmall_disk_0_51_32
assert_bigsmall_disk_0_51_43
assert_bigsmall_disk_0_52_10
assert_bigsmall_disk_0_52_21
assert_bigsmall_disk_0_52_32
assert_bigsmall_disk_0_52_43
assert_bigsmall_disk_0_53_10
assert_bigsmall_disk_0_53_21
assert_bigsmall_disk_0_53_32
assert_bigsmall_disk_0_53_43
assert_bigsmall_disk_0_54_10
assert_bigsmall_disk_0_54_21
assert_bigsmall_disk_0_54_32
assert_bigsmall_disk_0_54_43
assert_bigsmall_disk_1_21_10
assert_bigsmall_disk_1_21_21
assert_bigsmall_disk_1_21_32
assert_bigsmall_disk_1_21_43
assert_bigsmall_disk_1_31_10
assert_bigsmall_disk_1_31_21
assert_bigsmall_disk_1_31_32
assert_bigsmall_disk_1_31_43
assert_bigsmall_disk_1_32_10
assert_bigsmall_disk_1_32_21
assert_bigsmall_disk_1_32_32
assert_bigsmall_disk_1_32_43
assert_bigsmall_disk_1_41_10
assert_bigsmall_disk_1_41_21
assert_bigsmall_disk_1_41_32
assert_bigsmall_disk_1_41_43
assert_bigsmall_disk_1_42_10
assert_bigsmall_disk_1_42_21
assert_bigsmall_disk_1_42_32
assert_bigsmall_disk_1_42_43
assert_bigsmall_disk_1_43_10
assert_bigsmall_disk_1_43_21
assert_bigsmall_disk_1_43_32
assert_bigsmall_disk_1_43_43
assert_bigsmall_disk_1_51_10
assert_bigsmall_disk_1_51_21
assert_bigsmall_disk_1_51_32
assert_bigsmall_disk_1_51_43
assert_bigsmall_disk_1_52_10
assert_bigsmall_disk_1_52_21
assert_bigsmall_disk_1_52_32
assert_bigsmall_disk_1_52_43
assert_bigsmall_disk_1_53_10
assert_bigsmall_disk_1_53_21
assert_bigsmall_disk_1_53_32
assert_bigsmall_disk_1_53_43
assert_bigsmall_disk_1_54_10
assert_bigsmall_disk_1_54_21
assert_bigsmall_disk_1_54_32
assert_bigsmall_disk_1_54_43
assert_bigsmall_disk_2_21_10
assert_bigsmall_disk_2_21_21
assert_bigsmall_disk_2_21_32
assert_bigsmall_disk_2_21_43
assert_bigsmall_disk_2_31_10
assert_bigsmall_disk_2_31_21
assert_bigsmall_disk_2_31_32
assert_bigsmall_disk_2_31_43
assert_bigsmall_disk_2_32_10
assert_bigsmall_disk_2_32_21
assert_bigsmall_disk_2_32_32
assert_bigsmall_disk_2_32_43
assert_bigsmall_disk_2_41_10
assert_bigsmall_disk_2_41_21
assert_bigsmall_disk_2_41_32
assert_bigsmall_disk_2_41_43
assert_bigsmall_disk_2_42_10
assert_bigsmall_disk_2_42_21
assert_bigsmall_disk_2_42_32
assert_bigsmall_disk_2_42_43
assert_bigsmall_disk_2_43_10
assert_bigsmall_disk_2_43_21
assert_bigsmall_disk_2_43_32
assert_bigsmall_disk_2_43_43
assert_bigsmall_disk_2_51_10
assert_bigsmall_disk_2_51_21
assert_bigsmall_disk_2_51_32
assert_bigsmall_disk_2_51_43
assert_bigsmall_disk_2_52_10
assert_bigsmall_disk_2_52_21
assert_bigsmall_disk_2_52_32
assert_bigsmall_disk_2_52_43
assert_bigsmall_disk_2_53_10
assert_bigsmall_disk_2_53_21
assert_bigsmall_disk_2_53_32
assert_bigsmall_disk_2_53_43
assert_bigsmall_disk_2_54_10
assert_bigsmall_disk_2_54_21
assert_bigsmall_disk_2_54_32
assert_bigsmall_disk_2_54_43
assert_bigsmall_disk_3_21_10
assert_bigsmall_disk_3_21_21
assert_bigsmall_disk_3_21_32
assert_bigsmall_disk_3_21_43
assert_bigsmall_disk_3_31_10
assert_bigsmall_disk_3_31_21
assert_bigsmall_disk_3_31_32
assert_bigsmall_disk_3_31_43
assert_bigsmall_disk_3_32_10
assert_bigsmall_disk_3_32_21
assert_bigsmall_disk_3_32_32
assert_bigsmall_disk_3_32_43
assert_bigsmall_disk_3_41_10
assert_bigsmall_disk_3_41_21
assert_bigsmall_disk_3_41_32
assert_bigsmall_disk_3_41_43
assert_bigsmall_disk_3_42_10
assert_bigsmall_disk_3_42_21
assert_bigsmall_disk_3_42_32
assert_bigsmall_disk_3_42_43
assert_bigsmall_disk_3_43_10
assert_bigsmall_disk_3_43_21
assert_bigsmall_disk_3_43_32
assert_bigsmall_disk_3_43_43
assert_bigsmall_disk_3_51_10
assert_bigsmall_disk_3_51_21
assert_bigsmall_disk_3_51_32
assert_bigsmall_disk_3_51_43
assert_bigsmall_disk_3_52_10
assert_bigsmall_disk_3_52_21
assert_bigsmall_disk_3_52_32
assert_bigsmall_disk_3_52_43
assert_bigsmall_disk_3_53_10
assert_bigsmall_disk_3_53_21
assert_bigsmall_disk_3_53_32
assert_bigsmall_disk_3_53_43
assert_bigsmall_disk_3_54_10
assert_bigsmall_disk_3_54_21
assert_bigsmall_disk_3_54_32
assert_bigsmall_disk_3_54_43
assert_top_disk_1_1
assert_top_disk_1_2
assert_top_disk_1_3
assert_top_disk_1_4
cover_top_disk_1_1
cover_top_disk_1_2
cover_top_disk_1_3
cover_top_disk_1_4
my_assert
my_assert_cover
-------------------------------------------------------------------------------


-------------------------------------------------------------------------------
X Registers in Starting State
-------------------------------------------------------------------------------
  0 registers (0.0% of 24 in sequential fanin of properties)
-------------------------------------------------------------------------------


-------------------------------------------------------------------------------
Z Registers in Starting State
-------------------------------------------------------------------------------
  0 registers (0.0% of 24 in sequential fanin of properties)
-------------------------------------------------------------------------------


---------------------------------------
Formal Netlist Statistics         Count
---------------------------------------
Control Point Bits                   16
  DUT Input Bits                      4
  Cut Point Bits                      0
  Black Box Output Bits               0
  Undriven Wire Bits                  0
  Modeling Bits                      12
State Bits                           72
  Counter State Bits                 12
  RAM State Bits                      0
  Register State Bits                60
  Property State Bits                 0
Logic Gates                         815
  Design Gates                      497
  Property Gates                    318
---------------------------------------


-------------------------------------------------------------------------------
Targets Proven (160)
-------------------------------------------------------------------------------
assert_bigsmall_disk_0_21_10
assert_bigsmall_disk_0_21_21
assert_bigsmall_disk_0_21_32
assert_bigsmall_disk_0_21_43
assert_bigsmall_disk_0_31_10
assert_bigsmall_disk_0_31_21
assert_bigsmall_disk_0_31_32
assert_bigsmall_disk_0_31_43
assert_bigsmall_disk_0_32_10
assert_bigsmall_disk_0_32_21
assert_bigsmall_disk_0_32_32
assert_bigsmall_disk_0_32_43
assert_bigsmall_disk_0_41_10
assert_bigsmall_disk_0_41_21
assert_bigsmall_disk_0_41_32
assert_bigsmall_disk_0_41_43
assert_bigsmall_disk_0_42_10
assert_bigsmall_disk_0_42_21
assert_bigsmall_disk_0_42_32
assert_bigsmall_disk_0_42_43
assert_bigsmall_disk_0_43_10
assert_bigsmall_disk_0_43_21
assert_bigsmall_disk_0_43_32
assert_bigsmall_disk_0_43_43
assert_bigsmall_disk_0_51_10
assert_bigsmall_disk_0_51_21
assert_bigsmall_disk_0_51_32
assert_bigsmall_disk_0_51_43
assert_bigsmall_disk_0_52_10
assert_bigsmall_disk_0_52_21
assert_bigsmall_disk_0_52_32
assert_bigsmall_disk_0_52_43
assert_bigsmall_disk_0_53_10
assert_bigsmall_disk_0_53_21
assert_bigsmall_disk_0_53_32
assert_bigsmall_disk_0_53_43
assert_bigsmall_disk_0_54_10
assert_bigsmall_disk_0_54_21
assert_bigsmall_disk_0_54_32
assert_bigsmall_disk_0_54_43
assert_bigsmall_disk_1_21_10
assert_bigsmall_disk_1_21_21
assert_bigsmall_disk_1_21_32
assert_bigsmall_disk_1_21_43
assert_bigsmall_disk_1_31_10
assert_bigsmall_disk_1_31_21
assert_bigsmall_disk_1_31_32
assert_bigsmall_disk_1_31_43
assert_bigsmall_disk_1_32_10
assert_bigsmall_disk_1_32_21
assert_bigsmall_disk_1_32_32
assert_bigsmall_disk_1_32_43
assert_bigsmall_disk_1_41_10
assert_bigsmall_disk_1_41_21
assert_bigsmall_disk_1_41_32
assert_bigsmall_disk_1_41_43
assert_bigsmall_disk_1_42_10
assert_bigsmall_disk_1_42_21
assert_bigsmall_disk_1_42_32
assert_bigsmall_disk_1_42_43
assert_bigsmall_disk_1_43_10
assert_bigsmall_disk_1_43_21
assert_bigsmall_disk_1_43_32
assert_bigsmall_disk_1_43_43
assert_bigsmall_disk_1_51_10
assert_bigsmall_disk_1_51_21
assert_bigsmall_disk_1_51_32
assert_bigsmall_disk_1_51_43
assert_bigsmall_disk_1_52_10
assert_bigsmall_disk_1_52_21
assert_bigsmall_disk_1_52_32
assert_bigsmall_disk_1_52_43
assert_bigsmall_disk_1_53_10
assert_bigsmall_disk_1_53_21
assert_bigsmall_disk_1_53_32
assert_bigsmall_disk_1_53_43
assert_bigsmall_disk_1_54_10
assert_bigsmall_disk_1_54_21
assert_bigsmall_disk_1_54_32
assert_bigsmall_disk_1_54_43
assert_bigsmall_disk_2_21_10
assert_bigsmall_disk_2_21_21
assert_bigsmall_disk_2_21_32
assert_bigsmall_disk_2_21_43
assert_bigsmall_disk_2_31_10
assert_bigsmall_disk_2_31_21
assert_bigsmall_disk_2_31_32
assert_bigsmall_disk_2_31_43
assert_bigsmall_disk_2_32_10
assert_bigsmall_disk_2_32_21
assert_bigsmall_disk_2_32_32
assert_bigsmall_disk_2_32_43
assert_bigsmall_disk_2_41_10
assert_bigsmall_disk_2_41_21
assert_bigsmall_disk_2_41_32
assert_bigsmall_disk_2_41_43
assert_bigsmall_disk_2_42_10
assert_bigsmall_disk_2_42_21
assert_bigsmall_disk_2_42_32
assert_bigsmall_disk_2_42_43
assert_bigsmall_disk_2_43_10
assert_bigsmall_disk_2_43_21
assert_bigsmall_disk_2_43_32
assert_bigsmall_disk_2_43_43
assert_bigsmall_disk_2_51_10
assert_bigsmall_disk_2_51_21
assert_bigsmall_disk_2_51_32
assert_bigsmall_disk_2_51_43
assert_bigsmall_disk_2_52_10
assert_bigsmall_disk_2_52_21
assert_bigsmall_disk_2_52_32
assert_bigsmall_disk_2_52_43
assert_bigsmall_disk_2_53_10
assert_bigsmall_disk_2_53_21
assert_bigsmall_disk_2_53_32
assert_bigsmall_disk_2_53_43
assert_bigsmall_disk_2_54_10
assert_bigsmall_disk_2_54_21
assert_bigsmall_disk_2_54_32
assert_bigsmall_disk_2_54_43
assert_bigsmall_disk_3_21_10
assert_bigsmall_disk_3_21_21
assert_bigsmall_disk_3_21_32
assert_bigsmall_disk_3_21_43
assert_bigsmall_disk_3_31_10
assert_bigsmall_disk_3_31_21
assert_bigsmall_disk_3_31_32
assert_bigsmall_disk_3_31_43
assert_bigsmall_disk_3_32_10
assert_bigsmall_disk_3_32_21
assert_bigsmall_disk_3_32_32
assert_bigsmall_disk_3_32_43
assert_bigsmall_disk_3_41_10
assert_bigsmall_disk_3_41_21
assert_bigsmall_disk_3_41_32
assert_bigsmall_disk_3_41_43
assert_bigsmall_disk_3_42_10
assert_bigsmall_disk_3_42_21
assert_bigsmall_disk_3_42_32
assert_bigsmall_disk_3_42_43
assert_bigsmall_disk_3_43_10
assert_bigsmall_disk_3_43_21
assert_bigsmall_disk_3_43_32
assert_bigsmall_disk_3_43_43
assert_bigsmall_disk_3_51_10
assert_bigsmall_disk_3_51_21
assert_bigsmall_disk_3_51_32
assert_bigsmall_disk_3_51_43
assert_bigsmall_disk_3_52_10
assert_bigsmall_disk_3_52_21
assert_bigsmall_disk_3_52_32
assert_bigsmall_disk_3_52_43
assert_bigsmall_disk_3_53_10
assert_bigsmall_disk_3_53_21
assert_bigsmall_disk_3_53_32
assert_bigsmall_disk_3_53_43
assert_bigsmall_disk_3_54_10
assert_bigsmall_disk_3_54_21
assert_bigsmall_disk_3_54_32
assert_bigsmall_disk_3_54_43
-------------------------------------------------------------------------------


-------------------------------------------------------------------------------
Targets Fired (4)
-------------------------------------------------------------------------------
assert_top_disk_1_1
assert_top_disk_1_2
assert_top_disk_1_3
my_assert
-------------------------------------------------------------------------------


-------------------------------------------------------------------------------
Targets Fired with Warnings (1)
-------------------------------------------------------------------------------
assert_top_disk_1_4
-------------------------------------------------------------------------------


-------------------------------------------------------------------------------
Targets Covered (5)
-------------------------------------------------------------------------------
cover_top_disk_1_1
cover_top_disk_1_2
cover_top_disk_1_3
cover_top_disk_1_4
my_assert_cover
-------------------------------------------------------------------------------


-------------------------------------------------------------------------------
Assumptions Used in Proofs
-------------------------------------------------------------------------------
<no assumptions used in proofs>
-------------------------------------------------------------------------------


-------------------------------------------------------------------------------
Assumptions Used in Bounded Proofs
-------------------------------------------------------------------------------
<no assumptions used in bounded proofs>
-------------------------------------------------------------------------------


-------------------------------------------------------------------------------
Assumptions Used in Unsatisfiable Sanity Checks
-------------------------------------------------------------------------------
<no assumptions used in unsatisfiable sanity checks>
-------------------------------------------------------------------------------


-------------------------------------------------------------------------------
Assumptions Used in Bounded Unsatisfiable Sanity Checks
-------------------------------------------------------------------------------
<no assumptions used in bounded unsatisfiable sanity checkss>
-------------------------------------------------------------------------------


-------------------------------------------------------------------------------
Target Waveforms (10)
-------------------------------------------------------------------------------
  TB Time(ns) Dist  Target
-------------------------------------------------------------------------------
          150   14  assert_top_disk_1_1
          150   14  assert_top_disk_1_2
          150   14  assert_top_disk_1_3
           20    1  assert_top_disk_1_4
          150   14  cover_top_disk_1_1
          150   14  cover_top_disk_1_2
          150   14  cover_top_disk_1_3
           20    1  cover_top_disk_1_4
          150   14  my_assert
           20    1  my_assert_cover
-------------------------------------------------------------------------------


---------------------------------------
Target Waveforms Summary by Distance
---------------------------------------
Distance                          Count
---------------------------------------
  1 cycle                             3
 14 cycles                            7
---------------------------------------
Total                                10
---------------------------------------


-------------------------------------------------------------------------------
Proof Radius Summary by Target
-------------------------------------------------------------------------------
<all targets either proven or fired>
-------------------------------------------------------------------------------


-------------------------------------------------------------------------------
Engine Performance
---------------------- Proofs -------------------------- Waveforms ------------
   Engine |  Safety Liveness Vacuity  Sanity |  Safety Liveness Vacuity  Sanity
-------------------------------------------------------------------------------
        0 |      12        0       0       0 |       0        0       0       0
        7 |       0        0       0       0 |       7        0       0       0
       10 |     139        0       0       0 |       3        0       0       0
       12 |       9        0       0       0 |       0        0       0       0
-------------------------------------------------------------------------------


---------------------------------------
Property Summary                  Count
---------------------------------------
Assumed                               0
Proven                              160
Covered                               5
Inconclusive                          0
Fired                                 5
  Fired with Warning                  1
Uncoverable                           0
---------------------------------------
Total                               170
---------------------------------------


--------- Process Statistics ----------
Elapsed Time                      14 s 
-------- Orchestration Process --------
------------ cadpc14:5672 -------------
CPU Time                           1 s 
Peak Memory                      0.4 GB
---------- Engine Processes -----------
------------ cadpc14:5680 -------------
CPU Time                          15 s 
Peak Memory                      0.2 GB
CPU Utilization                  100 % 
------------ cadpc14:5682 -------------
CPU Time                          15 s 
Peak Memory                      0.3 GB
CPU Utilization                  100 % 
------------ cadpc14:5688 -------------
CPU Time                          15 s 
Peak Memory                      0.1 GB
CPU Utilization                  100 % 
------------ cadpc14:5690 -------------
CPU Time                          15 s 
Peak Memory                      0.1 GB
CPU Utilization                  100 % 
---------------------------------------

