# 
# Copyright 1995-2018 Mentor Graphics Corporation.
# All Rights Reserved.
# 
# THIS WORK CONTAINS TRADE SECRET AND PROPRIETARY INFORMATION 
# WHICH IS THE PROPERTY OF MENTOR GRAPHICS CORPORATION OR ITS
# LICENSORS AND IS SUBJECT TO LICENSE TERMS.
# 
# THIS DOCUMENT CONTAINS TRADE SECRETS AND COMMERCIAL OR FINANCIAL
# INFORMATION THAT ARE PRIVILEGED, CONFIDENTIAL, AND EXEMPT FROM
# DISCLOSURE UNDER THE FREEDOM OF INFORMATION ACT, 5 U.S.C. SECTION
# 552.  FURTHERMORE, THIS INFORMATION IS PROHIBITED FROM DISCLOSURE
# UNDER THE TRADE SECRETS ACT, 18 U.S.C. SECTION 1905.
# 
# 
# Questa Static Verification System
# Version 2019.2_1 linux_x86_64 18 May 2019
# 
# log created Tue Dec 17 20:38:52 2019 by hz2619 on cadpc14
# 
# 
# Command: netlist elaborate
# Command arguments:
#     -zdb
#       /homes/user/stud/fall19/hz2619/hanoi54/quickstart_propcheck/Output_Results/qcache/DB/zdb_1
#     -tool propcheck
#     -d move_disk
# 
# 
## Elaborating Design...
# Reading MTI mapping for library mapping
# Writing all MTI mappings to vmap output ...
# 
# Top level modules:
# 	move_disk
# 
# Analyzing design...
# -- Loading module z0in_work.move_disk
# Optimizing 1 design-unit (inlining 0/1 module instances):
# -- Optimizing module z0in_work.move_disk(fast)
# Warning : Illegal bit addressing.  Variable 'rod_data', Module 'move_disk', File '/homes/user/stud/fall19/hz2619/hanoi54/quickstart_propcheck/src/vlog/towersofhanoi.sv', Line 86.  [elaboration-215]
#         : Processing will continue.
# Warning : Illegal bit addressing.  Variable 'rod_data', Module 'move_disk', File '/homes/user/stud/fall19/hz2619/hanoi54/quickstart_propcheck/src/vlog/towersofhanoi.sv', Line 94.  [elaboration-215]
#         : Processing will continue.
# Optimized design name is zi_opt_csl_1401993344_1
# Summary: 2 Warnings in processing "netlist elaborate"
# End of log Tue Dec 17 20:38:53 2019
# 
# 
# 
# Questa Static Verification System
# Version 2019.2_1 linux_x86_64 18 May 2019
# 
# log created Tue Dec 17 20:38:53 2019 by hz2619 on cadpc14
# 
# 
# Command: netlist create
# Command arguments:
#     -zdb
#       /homes/user/stud/fall19/hz2619/hanoi54/quickstart_propcheck/Output_Results/qcache/DB/zdb_1
#     -tool propcheck
#     -d move_disk
# 
# 
## Synthesizing netlist...
# Processing module 'move_disk'
# Elaborating module 'move_disk'.
# Processed 100 assertion language directives.
# 
##Time Taken (Synthesis) = 850000.000000 ticks = 0.850000 secs
# 
# Summary: 2 Warnings in processing "netlist create"
# End of log Tue Dec 17 20:38:55 2019
# 
# 
# 
# Questa Static Verification System
# Version 2019.2_1 linux_x86_64 18 May 2019
# 
# log created Tue Dec 17 20:38:55 2019 by hz2619 on cadpc14
# 
# 
# Command: formal compile
# Command arguments:
#     -zdb
#       /homes/user/stud/fall19/hz2619/hanoi54/quickstart_propcheck/Output_Results/qcache/DB/zdb_1
#     -d move_disk
# 
# 
## Processing Formal Logic...
# Processing module 'move_disk'
# Restoring module 'move_disk'.
# Flattening design 'move_disk'.
# Info    : Detected reset.  Reset: rst, polarity: synchronous, active: high.  [netlist-12]
# Info    : Detected clock.  Clock: clk, polarity: posedge.  [netlist-11]
# Design is processed for formal verification.  Design 'move_disk'.
# 
# Clocks
# ------------------------------------------------------------------------------
# Port                                   Period         Waveform    Edges
# ------------------------------------------------------------------------------
# clk                                        10              0 5    PE   
# ------------------------------------------------------------------------------
# 
# Blackboxes
# ------------------------------------------------------------------------------
# Module name                                                Reason
# ------------------------------------------------------------------------------
# <no blackboxed modules>
# ------------------------------------------------------------------------------
# 
# Inferred directives
# ------------------------------------------------------------------------------
# <no inferred directives>
# ------------------------------------------------------------------------------
# 
# Design is linked for formal analysis.  Design 'move_disk'.
# Formal model has been created.
# 
# Property Summary
# -------------------------------------------------------------------------------
# Total  Directives :170
# Assert Directives :165
# Assume Directives :0
# Cover  Directives :5
# 
# SVA Summary
# -------------------------------------------------------------------------------
# SVA Directive Type        Directives           Checkers
# -------------------------------------------------------------------------------
# Assert                       165                 165
# Assume                         0                   0
# Cover                          5                   5
# -------------------------------------------------------------------------------
# 
# To see results in the GUI run:
# qverify /homes/user/stud/fall19/hz2619/hanoi54/quickstart_propcheck/Output_Results/formal_compile.db
# 
# 
# Message Summary
# ---------------------------------------------------------------------------
# Count  Type     Message ID         Summary
# ---------------------------------------------------------------------------
#     2  Warning  elaboration-215    Illegal bit addressing.
#     1  Info     netlist-11         Detected clock.
#     1  Info     netlist-12         Detected reset.
# 
# Summary: 2 Warnings in formal compile
# Final Process Statistics: Max memory 718MB, CPU time 2s, Total time 4s
# End of log Tue Dec 17 20:38:56 2019
# 
# 
# 
# Questa Static Verification System
# Version 2019.2_1 linux_x86_64 18 May 2019
# 
# 
# Command-line arguments:
# 	-jobs 4 \ 
# 	-init qs_files/twoersofhanoi.init \ 
# 	-timeout 5m 
# 
# Warning : Deprecated option to '* verify' command.  Option '-init'. Use 'formal init' directive instead.  [formal-303]
# Info    : Using initialization sequence file to initialize design state.  File '/homes/user/stud/fall19/hz2619/hanoi54/quickstart_propcheck/qs_files/twoersofhanoi.init'.  [formal-205]
# Applying synthesis semantics to design: move_disk
# [00:00:00] Status: Done 0/170, Update 0/170, Proof radius min=0, avg=0.000, Mem=0GB
# [00:00:00] Established connection with process, Hostname=cadpc14, pid=5680.
# [00:00:00] Established connection with process, Hostname=cadpc14, pid=5682.
# [00:00:00] Established connection with process, Hostname=cadpc14, pid=5688.
# [00:00:00] Established connection with process, Hostname=cadpc14, pid=5690.
# [00:00:00] Covered @1: my_assert_cover
# [00:00:00] Fired @1: assert_top_disk_1_4
# [00:00:00] Covered @1: cover_top_disk_1_4
# [00:00:07] Proven: assert_bigsmall_disk_3_21_10
# [00:00:07] Proven: assert_bigsmall_disk_0_32_10
# [00:00:08] Proven: assert_bigsmall_disk_2_43_10
# [00:00:09] Proven: assert_bigsmall_disk_1_32_10
# [00:00:10] Proven: assert_bigsmall_disk_1_31_10
# [00:00:10] Proven: assert_bigsmall_disk_2_32_10
# [00:00:10] Proven: assert_bigsmall_disk_2_32_21
# [00:00:10] Proven: assert_bigsmall_disk_2_32_32
# [00:00:10] Proven: assert_bigsmall_disk_2_32_43
# [00:00:10] Proven: assert_bigsmall_disk_3_32_10
# [00:00:10] Proven: assert_bigsmall_disk_3_32_21
# [00:00:10] Proven: assert_bigsmall_disk_3_32_32
# [00:00:10] Proven: assert_bigsmall_disk_3_32_43
# [00:00:10] Proven: assert_bigsmall_disk_0_42_10
# [00:00:10] Proven: assert_bigsmall_disk_0_42_21
# [00:00:10] Proven: assert_bigsmall_disk_0_42_32
# [00:00:10] Proven: assert_bigsmall_disk_3_43_43
# [00:00:10] Proven: assert_bigsmall_disk_0_42_43
# [00:00:10] Proven: assert_bigsmall_disk_0_53_10
# [00:00:10] Proven: assert_bigsmall_disk_1_42_10
# [00:00:10] Proven: assert_bigsmall_disk_1_42_21
# [00:00:10] Proven: assert_bigsmall_disk_0_53_21
# [00:00:10] Proven: assert_bigsmall_disk_1_42_32
# [00:00:10] Proven: assert_bigsmall_disk_0_53_32
# [00:00:10] Proven: assert_bigsmall_disk_1_42_43
# [00:00:10] Proven: assert_bigsmall_disk_2_42_10
# [00:00:10] Proven: assert_bigsmall_disk_0_53_43
# [00:00:10] Proven: assert_bigsmall_disk_1_53_10
# [00:00:10] Proven: assert_bigsmall_disk_2_42_21
# [00:00:10] Proven: assert_bigsmall_disk_2_42_32
# [00:00:10] Proven: assert_bigsmall_disk_1_31_32
# [00:00:10] Proven: assert_bigsmall_disk_1_53_21
# [00:00:10] Proven: assert_bigsmall_disk_2_42_43
# [00:00:10] Proven: assert_bigsmall_disk_1_31_43
# [00:00:10] Proven: assert_bigsmall_disk_1_53_32
# [00:00:10] Proven: assert_bigsmall_disk_3_42_10
# [00:00:10] Proven: assert_bigsmall_disk_2_31_10
# [00:00:10] Proven: assert_bigsmall_disk_2_31_21
# [00:00:10] Proven: assert_bigsmall_disk_2_31_32
# [00:00:10] Proven: assert_bigsmall_disk_2_31_43
# [00:00:10] Proven: assert_bigsmall_disk_1_53_43
# [00:00:10] Proven: assert_bigsmall_disk_3_42_21
# [00:00:10] Proven: assert_bigsmall_disk_3_31_10
# [00:00:10] Proven: assert_bigsmall_disk_3_31_21
# [00:00:10] Proven: assert_bigsmall_disk_2_53_10
# [00:00:10] Proven: assert_bigsmall_disk_3_42_32
# [00:00:10] Proven: assert_bigsmall_disk_3_31_32
# [00:00:10] Proven: assert_bigsmall_disk_3_31_43
# [00:00:10] Proven: assert_bigsmall_disk_2_53_21
# [00:00:11] Proven: assert_bigsmall_disk_3_42_43
# [00:00:11] Proven: assert_bigsmall_disk_2_53_32
# [00:00:11] Proven: assert_bigsmall_disk_2_53_43
# [00:00:11] Proven: assert_bigsmall_disk_0_41_10
# [00:00:11] Proven: assert_bigsmall_disk_3_53_10
# [00:00:11] Proven: assert_bigsmall_disk_0_52_10
# [00:00:11] Proven: assert_bigsmall_disk_0_41_21
# [00:00:11] Proven: assert_bigsmall_disk_0_41_32
# [00:00:11] Proven: assert_bigsmall_disk_0_41_43
# [00:00:11] Proven: assert_bigsmall_disk_3_53_21
# [00:00:11] Proven: assert_bigsmall_disk_0_52_21
# [00:00:11] Proven: assert_bigsmall_disk_1_41_10
# [00:00:11] Proven: assert_bigsmall_disk_1_41_21
# [00:00:11] Proven: assert_bigsmall_disk_3_53_32
# [00:00:11] Proven: assert_bigsmall_disk_0_52_32
# [00:00:11] Proven: assert_bigsmall_disk_1_41_32
# [00:00:11] Proven: assert_bigsmall_disk_1_41_43
# [00:00:11] Proven: assert_bigsmall_disk_3_53_43
# [00:00:11] Proven: assert_bigsmall_disk_0_52_43
# [00:00:11] Proven: assert_bigsmall_disk_0_54_10
# [00:00:11] Proven: assert_bigsmall_disk_2_41_10
# [00:00:11] Proven: assert_bigsmall_disk_1_52_10
# [00:00:11] Proven: assert_bigsmall_disk_2_41_21
# [00:00:11] Proven: assert_bigsmall_disk_0_54_21
# [00:00:11] Proven: assert_bigsmall_disk_1_52_21
# [00:00:11] Proven: assert_bigsmall_disk_2_41_32
# [00:00:11] Proven: assert_bigsmall_disk_0_54_32
# [00:00:11] Proven: assert_bigsmall_disk_1_52_32
# [00:00:11] Proven: assert_bigsmall_disk_2_41_43
# [00:00:11] Proven: assert_bigsmall_disk_0_54_43
# [00:00:11] Proven: assert_bigsmall_disk_1_52_43
# [00:00:11] Proven: assert_bigsmall_disk_1_54_10
# [00:00:11] Proven: assert_bigsmall_disk_3_41_10
# [00:00:11] Proven: assert_bigsmall_disk_3_54_43
# [00:00:11] Proven: assert_bigsmall_disk_3_41_21
# [00:00:11] Proven: assert_bigsmall_disk_3_54_32
# [00:00:11] Proven: assert_bigsmall_disk_1_54_21
# [00:00:11] Proven: assert_bigsmall_disk_3_54_21
# [00:00:11] Proven: assert_bigsmall_disk_1_54_32
# [00:00:11] Proven: assert_bigsmall_disk_3_41_32
# [00:00:11] Proven: assert_bigsmall_disk_2_54_43
# [00:00:11] Proven: assert_bigsmall_disk_3_54_10
# [00:00:11] Proven: assert_bigsmall_disk_1_54_43
# [00:00:11] Proven: assert_bigsmall_disk_2_54_32
# [00:00:11] Proven: assert_bigsmall_disk_2_54_10
# [00:00:11] Proven: assert_bigsmall_disk_2_54_21
# [00:00:11] Proven: assert_bigsmall_disk_0_21_10
# [00:00:11] Proven: assert_bigsmall_disk_0_51_43
# [00:00:11] Proven: assert_bigsmall_disk_0_21_21
# [00:00:11] Proven: assert_bigsmall_disk_0_21_32
# [00:00:11] Proven: assert_bigsmall_disk_1_51_10
# [00:00:11] Proven: assert_bigsmall_disk_1_51_21
# [00:00:11] Proven: assert_bigsmall_disk_0_21_43
# [00:00:11] Proven: assert_bigsmall_disk_1_51_32
# [00:00:11] Proven: assert_bigsmall_disk_1_21_10
# [00:00:11] Proven: assert_bigsmall_disk_1_51_43
# [00:00:11] Proven: assert_bigsmall_disk_1_21_21
# [00:00:11] Proven: assert_bigsmall_disk_2_51_10
# [00:00:11] Proven: assert_bigsmall_disk_1_21_32
# [00:00:11] Proven: assert_bigsmall_disk_2_51_21
# [00:00:11] Proven: assert_bigsmall_disk_1_21_43
# [00:00:11] Proven: assert_bigsmall_disk_2_51_32
# [00:00:11] Proven: assert_bigsmall_disk_2_21_10
# [00:00:11] Proven: assert_bigsmall_disk_2_51_43
# [00:00:11] Proven: assert_bigsmall_disk_2_21_21
# [00:00:11] Proven: assert_bigsmall_disk_3_51_10
# [00:00:11] Proven: assert_bigsmall_disk_2_21_32
# [00:00:11] Proven: assert_bigsmall_disk_3_51_21
# [00:00:11] Proven: assert_bigsmall_disk_2_21_43
# [00:00:11] Proven: assert_bigsmall_disk_3_51_32
# [00:00:11] Proven: assert_bigsmall_disk_3_21_21
# [00:00:11] Proven: assert_bigsmall_disk_3_51_43
# [00:00:11] Proven: assert_bigsmall_disk_3_21_32
# [00:00:11] Proven: assert_bigsmall_disk_3_21_43
# [00:00:11] Proven: assert_bigsmall_disk_0_32_21
# [00:00:11] Proven: assert_bigsmall_disk_0_31_10
# [00:00:11] Proven: assert_bigsmall_disk_0_32_32
# [00:00:11] Proven: assert_bigsmall_disk_0_31_21
# [00:00:11] Proven: assert_bigsmall_disk_0_32_43
# [00:00:11] Proven: assert_bigsmall_disk_0_31_32
# [00:00:11] Proven: assert_bigsmall_disk_0_31_43
# [00:00:11] Proven: assert_bigsmall_disk_1_32_21
# [00:00:11] Proven: assert_bigsmall_disk_1_31_21
# [00:00:11] Proven: assert_bigsmall_disk_1_32_32
# [00:00:11] Proven: assert_bigsmall_disk_2_43_32
# [00:00:11] Proven: assert_bigsmall_disk_1_32_43
# [00:00:11] Proven: assert_bigsmall_disk_2_43_43
# [00:00:11] Proven: assert_bigsmall_disk_3_43_10
# [00:00:11] Proven: assert_bigsmall_disk_3_43_21
# [00:00:11] Proven: assert_bigsmall_disk_3_43_32
# [00:00:12] Fired @14: my_assert
# [00:00:12] Fired @14: assert_top_disk_1_1
# [00:00:12] Covered @14: cover_top_disk_1_1
# [00:00:12] Proven: assert_bigsmall_disk_2_52_32
# [00:00:12] Proven: assert_bigsmall_disk_2_52_43
# [00:00:12] Proven: assert_bigsmall_disk_1_43_10
# [00:00:12] Proven: assert_bigsmall_disk_1_43_21
# [00:00:12] Proven: assert_bigsmall_disk_1_43_32
# [00:00:12] Proven: assert_bigsmall_disk_3_52_10
# [00:00:12] Proven: assert_bigsmall_disk_1_43_43
# [00:00:13] Proven: assert_bigsmall_disk_3_52_21
# [00:00:13] Proven: assert_bigsmall_disk_2_43_21
# [00:00:13] Proven: assert_bigsmall_disk_0_43_43
# [00:00:13] Proven: assert_bigsmall_disk_0_43_32
# [00:00:13] Proven: assert_bigsmall_disk_0_43_21
# [00:00:13] Proven: assert_bigsmall_disk_0_43_10
# [00:00:13] Proven: assert_bigsmall_disk_3_52_43
# [00:00:13] Proven: assert_bigsmall_disk_3_52_32
# [00:00:13] Proven: assert_bigsmall_disk_2_52_21
# [00:00:13] Proven: assert_bigsmall_disk_0_51_32
# [00:00:14] Proven: assert_bigsmall_disk_2_52_10
# [00:00:14] Fired @14: assert_top_disk_1_2
# [00:00:14] Covered @14: cover_top_disk_1_2
# [00:00:14] Fired @14: assert_top_disk_1_3
# [00:00:14] Covered @14: cover_top_disk_1_3
# [00:00:14] Proven: assert_bigsmall_disk_0_51_21
# [00:00:14] Proven: assert_bigsmall_disk_3_41_43
# [00:00:14] Proven: assert_bigsmall_disk_0_51_10
# [00:00:14] Status: Done 170/170, Update 170/170, Proof radius min=N/A, avg=N/A, Mem=1GB
# 
# ---------------------------------------
# Property Summary                  Count
# ---------------------------------------
# Assumed                               0
# Proven                              160
# Covered                               5
# Inconclusive                          0
# Fired                                 5
#   Fired with Warning                  1
# Uncoverable                           0
# ---------------------------------------
# Total                               170
# ---------------------------------------
# 
# 
# --------- Process Statistics ----------
# Elapsed Time                      14 s 
# -------- Orchestration Process --------
# ------------ cadpc14:5672 -------------
# CPU Time                           1 s 
# Peak Memory                      0.4 GB
# ---------- Engine Processes -----------
# ------------ cadpc14:5680 -------------
# CPU Time                          15 s 
# Peak Memory                      0.2 GB
# CPU Utilization                  100 % 
# ------------ cadpc14:5682 -------------
# CPU Time                          15 s 
# Peak Memory                      0.3 GB
# CPU Utilization                  100 % 
# ------------ cadpc14:5688 -------------
# CPU Time                          15 s 
# Peak Memory                      0.1 GB
# CPU Utilization                  100 % 
# ------------ cadpc14:5690 -------------
# CPU Time                          15 s 
# Peak Memory                      0.1 GB
# CPU Utilization                  100 % 
# ---------------------------------------
# 
# 
# Message Summary
# ---------------------------------------------------------------------------
# Count  Type     Message ID         Summary
# ---------------------------------------------------------------------------
#     1  Warning  formal-303         Deprecated option to '* verify' command.
#     1  Info     formal-205         Using initialization sequence file to initialize design state.
# 
# Final Process Statistics: Peak Memory 0.36GB, Cumulative CPU Time 61s, Elapsed Time 14s
# 
# To see results in the GUI run:
# qverify /homes/user/stud/fall19/hz2619/hanoi54/quickstart_propcheck/Output_Results/formal_verify.db
# 
