# 
# Questa Static Verification System
# Version 2019.2_1 linux_x86_64 18 May 2019


Command-line arguments:
	-jobs 4 \ 
	-init qs_files/twoersofhanoi.init \ 
	-timeout 5m 

Warning : Deprecated option to '* verify' command.  Option '-init'. Use 'formal init' directive instead.  [formal-303]
Info    : Using initialization sequence file to initialize design state.  File '/homes/user/stud/fall19/hz2619/hanoi/quickstart_propcheck/qs_files/twoersofhanoi.init'.  [formal-205]
Applying synthesis semantics to design: move_disk
[00:00:00] Status: Done 0/24, Update 0/24, Proof radius min=0, avg=0.00, Mem=0GB
[00:00:00] Established connection with process, Hostname=cadpc14, pid=9500.
[00:00:00] Established connection with process, Hostname=cadpc14, pid=9503.
[00:00:00] Established connection with process, Hostname=cadpc14, pid=9507.
[00:00:00] Established connection with process, Hostname=cadpc14, pid=9510.
[00:00:00] Proven: assert_bigsmall_disk_1_21_10
[00:00:00] Proven: assert_bigsmall_disk_1_21_21
[00:00:00] Covered @1: my_assert_cover
[00:00:00] Proven: assert_bigsmall_disk_2_21_10
[00:00:00] Proven: assert_bigsmall_disk_2_21_21
[00:00:00] Proven: assert_bigsmall_disk_0_32_10
[00:00:00] Proven: assert_bigsmall_disk_0_32_21
[00:00:00] Fired @14: assert_top_disk_1_1
[00:00:00] Proven: assert_bigsmall_disk_1_32_10
[00:00:00] Proven: assert_bigsmall_disk_1_32_21
[00:00:00] Proven: assert_bigsmall_disk_2_31_21
[00:00:00] Fired @14: my_assert
[00:00:00] Proven: assert_bigsmall_disk_0_21_21
[00:00:00] Proven: assert_bigsmall_disk_2_31_10
[00:00:00] Proven: assert_bigsmall_disk_1_31_21
[00:00:00] Proven: assert_bigsmall_disk_1_31_10
[00:00:00] Covered @14: cover_top_disk_1_1
[00:00:00] Proven: assert_bigsmall_disk_0_31_21
[00:00:00] Proven: assert_bigsmall_disk_0_21_10
[00:00:00] Proven: assert_bigsmall_disk_0_31_10
[00:00:00] Fired @27: assert_top_disk_1_2
[00:00:00] Proven: assert_bigsmall_disk_2_32_21
[00:00:00] Proven: assert_bigsmall_disk_2_32_10
[00:00:00] Covered @27: cover_top_disk_1_2
[00:00:01] Status: Done 24/24, Update 24/24, Proof radius min=N/A, avg=N/A, Mem=1GB

---------------------------------------
Property Summary                  Count
---------------------------------------
Assumed                               1
Proven                               18
Covered                               3
Inconclusive                          0
Fired                                 3
Uncoverable                           0
---------------------------------------
Total                                25
---------------------------------------


--------- Process Statistics ----------
Elapsed Time                       1 s 
-------- Orchestration Process --------
------------ cadpc14:9491 -------------
CPU Time                           0 s 
Peak Memory                      0.4 GB
---------- Engine Processes -----------
------------ cadpc14:9500 -------------
CPU Time                           1 s 
Peak Memory                      0.1 GB
CPU Utilization                    0 % 
------------ cadpc14:9503 -------------
CPU Time                           1 s 
Peak Memory                      0.3 GB
CPU Utilization                    0 % 
------------ cadpc14:9507 -------------
CPU Time                           1 s 
Peak Memory                      0.1 GB
CPU Utilization                    0 % 
------------ cadpc14:9510 -------------
CPU Time                           1 s 
Peak Memory                      0.1 GB
CPU Utilization                    0 % 
---------------------------------------


Message Summary
---------------------------------------------------------------------------
Count  Type     Message ID         Summary
---------------------------------------------------------------------------
    1  Warning  formal-303         Deprecated option to '* verify' command.
    1  Info     formal-205         Using initialization sequence file to initialize design state.

Final Process Statistics: Peak Memory 0.35GB, Cumulative CPU Time 4s, Elapsed Time 1s

To see results in the GUI run:
qverify /homes/user/stud/fall19/hz2619/hanoi/quickstart_propcheck/Output_Results/formal_verify.db

