# 
# Copyright 1995-2018 Mentor Graphics Corporation.
# All Rights Reserved.
# 
# THIS WORK CONTAINS TRADE SECRET AND PROPRIETARY INFORMATION 
# WHICH IS THE PROPERTY OF MENTOR GRAPHICS CORPORATION OR ITS
# LICENSORS AND IS SUBJECT TO LICENSE TERMS.
# 
# THIS DOCUMENT CONTAINS TRADE SECRETS AND COMMERCIAL OR FINANCIAL
# INFORMATION THAT ARE PRIVILEGED, CONFIDENTIAL, AND EXEMPT FROM
# DISCLOSURE UNDER THE FREEDOM OF INFORMATION ACT, 5 U.S.C. SECTION
# 552.  FURTHERMORE, THIS INFORMATION IS PROHIBITED FROM DISCLOSURE
# UNDER THE TRADE SECRETS ACT, 18 U.S.C. SECTION 1905.
# 
# 
# Questa Static Verification System
# Version 2019.2_1 linux_x86_64 18 May 2019
# 
# log created Tue Dec 17 21:05:34 2019 by hz2619 on cadpc14
# 
# 
# Command: netlist elaborate
# Command arguments:
#     -zdb
#       /homes/user/stud/fall19/hz2619/hanoi/quickstart_propcheck/Output_Results/qcache/DB/zdb_1
#     -tool propcheck
#     -d move_disk
# 
# 
## Elaborating Design...
# Reading MTI mapping for library mapping
# Writing all MTI mappings to vmap output ...
# 
# Top level modules:
# 	move_disk
# 
# Analyzing design...
# -- Loading module z0in_work.move_disk
# Optimizing 1 design-unit (inlining 0/1 module instances):
# -- Optimizing module z0in_work.move_disk(fast)
# Optimized design name is zi_opt_csl_2142616913_1
# End of log Tue Dec 17 21:05:36 2019
# 
# 
# 
# Questa Static Verification System
# Version 2019.2_1 linux_x86_64 18 May 2019
# 
# log created Tue Dec 17 21:05:36 2019 by hz2619 on cadpc14
# 
# 
# Command: netlist create
# Command arguments:
#     -zdb
#       /homes/user/stud/fall19/hz2619/hanoi/quickstart_propcheck/Output_Results/qcache/DB/zdb_1
#     -tool propcheck
#     -d move_disk
# 
# 
## Synthesizing netlist...
# Processing module 'move_disk'
# Elaborating module 'move_disk'.
# 
##Time Taken (Synthesis) = 740000.000000 ticks = 0.740000 secs
# 
# End of log Tue Dec 17 21:05:38 2019
# 
# 
# 
# Questa Static Verification System
# Version 2019.2_1 linux_x86_64 18 May 2019
# 
# log created Tue Dec 17 21:05:38 2019 by hz2619 on cadpc14
# 
# 
# Command: formal compile
# Command arguments:
#     -zdb
#       /homes/user/stud/fall19/hz2619/hanoi/quickstart_propcheck/Output_Results/qcache/DB/zdb_1
#     -d move_disk
# 
# 
## Processing Formal Logic...
# Processing module 'move_disk'
# Restoring module 'move_disk'.
# Flattening design 'move_disk'.
# Info    : Detected reset.  Reset: rst, polarity: synchronous, active: high.  [netlist-12]
# Info    : Detected clock.  Clock: clk, polarity: posedge.  [netlist-11]
# Design is processed for formal verification.  Design 'move_disk'.
# 
# Clocks
# ------------------------------------------------------------------------------
# Port                                   Period         Waveform    Edges
# ------------------------------------------------------------------------------
# clk                                        10              0 5    PE   
# ------------------------------------------------------------------------------
# 
# Blackboxes
# ------------------------------------------------------------------------------
# Module name                                                Reason
# ------------------------------------------------------------------------------
# <no blackboxed modules>
# ------------------------------------------------------------------------------
# 
# Inferred directives
# ------------------------------------------------------------------------------
# <no inferred directives>
# ------------------------------------------------------------------------------
# 
# Design is linked for formal analysis.  Design 'move_disk'.
# Formal model has been created.
# 
# Property Summary
# -------------------------------------------------------------------------------
# Total  Directives :25
# Assert Directives :21
# Assume Directives :1
# Cover  Directives :3
# 
# SVA Summary
# -------------------------------------------------------------------------------
# SVA Directive Type        Directives           Checkers
# -------------------------------------------------------------------------------
# Assert                        21                  21
# Assume                         1                   1
# Cover                          3                   3
# -------------------------------------------------------------------------------
# 
# To see results in the GUI run:
# qverify /homes/user/stud/fall19/hz2619/hanoi/quickstart_propcheck/Output_Results/formal_compile.db
# 
# 
# Message Summary
# ---------------------------------------------------------------------------
# Count  Type     Message ID         Summary
# ---------------------------------------------------------------------------
#     1  Info     netlist-11         Detected clock.
#     1  Info     netlist-12         Detected reset.
# 
# Final Process Statistics: Max memory 714MB, CPU time 2s, Total time 5s
# End of log Tue Dec 17 21:05:39 2019
# 
# 
# 
# Questa Static Verification System
# Version 2019.2_1 linux_x86_64 18 May 2019
# 
# 
# Command-line arguments:
# 	-jobs 4 \ 
# 	-init qs_files/twoersofhanoi.init \ 
# 	-timeout 5m 
# 
# Warning : Deprecated option to '* verify' command.  Option '-init'. Use 'formal init' directive instead.  [formal-303]
# Info    : Using initialization sequence file to initialize design state.  File '/homes/user/stud/fall19/hz2619/hanoi/quickstart_propcheck/qs_files/twoersofhanoi.init'.  [formal-205]
# Applying synthesis semantics to design: move_disk
# [00:00:00] Status: Done 0/24, Update 0/24, Proof radius min=0, avg=0.00, Mem=0GB
# [00:00:00] Established connection with process, Hostname=cadpc14, pid=9500.
# [00:00:00] Established connection with process, Hostname=cadpc14, pid=9503.
# [00:00:00] Established connection with process, Hostname=cadpc14, pid=9507.
# [00:00:00] Established connection with process, Hostname=cadpc14, pid=9510.
# [00:00:00] Proven: assert_bigsmall_disk_1_21_10
# [00:00:00] Proven: assert_bigsmall_disk_1_21_21
# [00:00:00] Covered @1: my_assert_cover
# [00:00:00] Proven: assert_bigsmall_disk_2_21_10
# [00:00:00] Proven: assert_bigsmall_disk_2_21_21
# [00:00:00] Proven: assert_bigsmall_disk_0_32_10
# [00:00:00] Proven: assert_bigsmall_disk_0_32_21
# [00:00:00] Fired @14: assert_top_disk_1_1
# [00:00:00] Proven: assert_bigsmall_disk_1_32_10
# [00:00:00] Proven: assert_bigsmall_disk_1_32_21
# [00:00:00] Proven: assert_bigsmall_disk_2_31_21
# [00:00:00] Fired @14: my_assert
# [00:00:00] Proven: assert_bigsmall_disk_0_21_21
# [00:00:00] Proven: assert_bigsmall_disk_2_31_10
# [00:00:00] Proven: assert_bigsmall_disk_1_31_21
# [00:00:00] Proven: assert_bigsmall_disk_1_31_10
# [00:00:00] Covered @14: cover_top_disk_1_1
# [00:00:00] Proven: assert_bigsmall_disk_0_31_21
# [00:00:00] Proven: assert_bigsmall_disk_0_21_10
# [00:00:00] Proven: assert_bigsmall_disk_0_31_10
# [00:00:00] Fired @27: assert_top_disk_1_2
# [00:00:00] Proven: assert_bigsmall_disk_2_32_21
# [00:00:00] Proven: assert_bigsmall_disk_2_32_10
# [00:00:00] Covered @27: cover_top_disk_1_2
# [00:00:01] Status: Done 24/24, Update 24/24, Proof radius min=N/A, avg=N/A, Mem=1GB
# 
# ---------------------------------------
# Property Summary                  Count
# ---------------------------------------
# Assumed                               1
# Proven                               18
# Covered                               3
# Inconclusive                          0
# Fired                                 3
# Uncoverable                           0
# ---------------------------------------
# Total                                25
# ---------------------------------------
# 
# 
# --------- Process Statistics ----------
# Elapsed Time                       1 s 
# -------- Orchestration Process --------
# ------------ cadpc14:9491 -------------
# CPU Time                           0 s 
# Peak Memory                      0.4 GB
# ---------- Engine Processes -----------
# ------------ cadpc14:9500 -------------
# CPU Time                           1 s 
# Peak Memory                      0.1 GB
# CPU Utilization                    0 % 
# ------------ cadpc14:9503 -------------
# CPU Time                           1 s 
# Peak Memory                      0.3 GB
# CPU Utilization                    0 % 
# ------------ cadpc14:9507 -------------
# CPU Time                           1 s 
# Peak Memory                      0.1 GB
# CPU Utilization                    0 % 
# ------------ cadpc14:9510 -------------
# CPU Time                           1 s 
# Peak Memory                      0.1 GB
# CPU Utilization                    0 % 
# ---------------------------------------
# 
# 
# Message Summary
# ---------------------------------------------------------------------------
# Count  Type     Message ID         Summary
# ---------------------------------------------------------------------------
#     1  Warning  formal-303         Deprecated option to '* verify' command.
#     1  Info     formal-205         Using initialization sequence file to initialize design state.
# 
# Final Process Statistics: Peak Memory 0.35GB, Cumulative CPU Time 4s, Elapsed Time 1s
# 
# To see results in the GUI run:
# qverify /homes/user/stud/fall19/hz2619/hanoi/quickstart_propcheck/Output_Results/formal_verify.db
# 
