# 
# Questa Static Verification System
# Version 2019.2_1 linux_x86_64 18 May 2019


Command-line arguments:
	-jobs 4 \ 
	-init qs_files/twoersofhanoi.init \ 
	-timeout 5m 

Warning : Deprecated option to '* verify' command.  Option '-init'. Use 'formal init' directive instead.  [formal-303]
Info    : Using initialization sequence file to initialize design state.  File '/homes/user/stud/fall19/hz2619/hanoi43/quickstart_propcheck/qs_files/twoersofhanoi.init'.  [formal-205]
Applying synthesis semantics to design: move_disk
[00:00:00] Status: Done 0/65, Update 0/65, Proof radius min=0, avg=0.00, Mem=0GB
[00:00:00] Established connection with process, Hostname=cadpc14, pid=4985.
[00:00:00] Established connection with process, Hostname=cadpc14, pid=4988.
[00:00:00] Established connection with process, Hostname=cadpc14, pid=4992.
[00:00:00] Established connection with process, Hostname=cadpc14, pid=4995.
[00:00:00] Proven: assert_bigsmall_disk_0_32_32
[00:00:00] Covered @1: cover_top_disk_1_1
[00:00:00] Covered @1: cover_top_disk_1_2
[00:00:00] Covered @1: cover_top_disk_1_3
[00:00:00] Covered @1: cover_test_rod_0_0
[00:00:00] Covered @1: cover_test_rod_0_1
[00:00:00] Covered @1: cover_test_rod_0_2
[00:00:00] Covered @1: cover_test_rod_0_3
[00:00:00] Proven: assert_bigsmall_disk_1_32_10
[00:00:01] Proven: assert_bigsmall_disk_1_32_32
[00:00:01] Proven: assert_bigsmall_disk_2_32_10
[00:00:02] Proven: assert_bigsmall_disk_2_41_21
[00:00:02] Proven: assert_bigsmall_disk_0_21_21
[00:00:02] Proven: assert_bigsmall_disk_2_32_21
[00:00:02] Proven: assert_bigsmall_disk_1_21_10
[00:00:02] Proven: assert_bigsmall_disk_1_21_21
[00:00:02] Proven: assert_bigsmall_disk_0_31_10
[00:00:03] Proven: assert_bigsmall_disk_1_21_32
[00:00:03] Proven: assert_bigsmall_disk_0_42_32
[00:00:03] Proven: assert_bigsmall_disk_2_21_10
[00:00:03] Proven: assert_bigsmall_disk_1_42_10
[00:00:03] Proven: assert_bigsmall_disk_2_21_21
[00:00:04] Proven: assert_bigsmall_disk_1_42_21
[00:00:04] Proven: assert_bigsmall_disk_1_31_10
[00:00:04] Proven: assert_bigsmall_disk_2_21_32
[00:00:04] Proven: assert_bigsmall_disk_0_32_10
[00:00:04] Proven: assert_bigsmall_disk_1_31_21
[00:00:05] Proven: assert_bigsmall_disk_2_43_32
[00:00:05] Proven: assert_bigsmall_disk_2_31_10
[00:00:05] Proven: assert_bigsmall_disk_2_42_32
[00:00:05] Proven: assert_bigsmall_disk_0_43_10
[00:00:05] Proven: assert_bigsmall_disk_0_43_21
[00:00:05] Proven: assert_bigsmall_disk_0_43_32
[00:00:05] Proven: assert_bigsmall_disk_1_43_10
[00:00:05] Proven: assert_bigsmall_disk_1_43_21
[00:00:05] Proven: assert_bigsmall_disk_2_31_21
[00:00:05] Proven: assert_bigsmall_disk_1_43_32
[00:00:05] Proven: assert_bigsmall_disk_2_43_10
[00:00:05] Proven: assert_bigsmall_disk_2_31_32
[00:00:05] Proven: assert_bigsmall_disk_1_41_32
[00:00:05] Proven: assert_bigsmall_disk_0_41_10
[00:00:05] Proven: assert_bigsmall_disk_1_41_21
[00:00:05] Proven: assert_bigsmall_disk_0_41_21
[00:00:05] Proven: assert_bigsmall_disk_0_41_32
[00:00:05] Proven: assert_bigsmall_disk_1_41_10
[00:00:05] Proven: assert_bigsmall_disk_2_32_32
[00:00:05] Proven: assert_bigsmall_disk_0_31_21
[00:00:05] Proven: assert_bigsmall_disk_0_21_10
[00:00:05] Proven: assert_bigsmall_disk_0_21_32
[00:00:05] Proven: assert_bigsmall_disk_0_31_32
[00:00:05] Proven: assert_bigsmall_disk_0_32_21
[00:00:05] Proven: assert_bigsmall_disk_1_31_32
[00:00:05] Proven: assert_bigsmall_disk_0_42_21
[00:00:05] Proven: assert_bigsmall_disk_1_42_32
[00:00:05] Proven: assert_bigsmall_disk_2_42_21
[00:00:05] Proven: assert_bigsmall_disk_2_42_10
[00:00:05] Proven: assert_bigsmall_disk_2_43_21
[00:00:05] Proven: assert_bigsmall_disk_2_41_10
[00:00:05] Proven: assert_bigsmall_disk_2_41_32
[00:00:05] Proven: assert_bigsmall_disk_0_42_10
[00:00:05] Fired @16: my_assert
[00:00:05] Fired @16: assert_top_disk_1_1
[00:00:05] Proven: assert_bigsmall_disk_1_32_21
[00:00:05] Fired @16: assert_top_disk_1_2
[00:00:05] Fired @16: assert_top_disk_1_3
[00:00:05] Status: Done 65/65, Update 65/65, Proof radius min=N/A, avg=N/A, Mem=1GB

---------------------------------------
Property Summary                  Count
---------------------------------------
Assumed                               0
Proven                               54
Covered                               7
Inconclusive                          0
Fired                                 4
Uncoverable                           0
---------------------------------------
Total                                65
---------------------------------------


--------- Process Statistics ----------
Elapsed Time                       5 s 
-------- Orchestration Process --------
------------ cadpc14:4976 -------------
CPU Time                           0 s 
Peak Memory                      0.4 GB
---------- Engine Processes -----------
------------ cadpc14:4985 -------------
CPU Time                           6 s 
Peak Memory                      0.1 GB
CPU Utilization                  100 % 
------------ cadpc14:4988 -------------
CPU Time                           6 s 
Peak Memory                      0.3 GB
CPU Utilization                  100 % 
------------ cadpc14:4992 -------------
CPU Time                           6 s 
Peak Memory                      0.1 GB
CPU Utilization                  100 % 
------------ cadpc14:4995 -------------
CPU Time                           6 s 
Peak Memory                      0.1 GB
CPU Utilization                  100 % 
---------------------------------------


Message Summary
---------------------------------------------------------------------------
Count  Type     Message ID         Summary
---------------------------------------------------------------------------
    1  Warning  formal-303         Deprecated option to '* verify' command.
    1  Info     formal-205         Using initialization sequence file to initialize design state.

Final Process Statistics: Peak Memory 0.35GB, Cumulative CPU Time 24s, Elapsed Time 5s

To see results in the GUI run:
qverify /homes/user/stud/fall19/hz2619/hanoi43/quickstart_propcheck/Output_Results/formal_verify.db

