================================================================================
== Profile: REAL-TIME, CPU-freq = 4.00 GHz
                                                          Calls Real-Time  Parent 
                                                                   (secs) fraction

    <zixl_543IiP35>~_zixl                                                1      13.0 (100.0%)
  zixl_5eAt1-I3L-ePP4~_zixl                                              1      13.0         
    zixl_5eAt1-I3L-1LqiL1~_zixl                                         86      12.9 ( 99.5%)
      zixl_IAI-iZ4e-5Pet1~_zixl                                         86      12.9 ( 99.9%)
        zixl_IAI-5Pet1~_zixl                                            75      12.6 ( 97.5%)
          zixl_IAI-5Pet1-5Pet1~_zixl                                   102      12.6 ( 99.8%)
            zixl_irY-5Pet1~_zixl                                       102      12.6 (100.0%)
              zixl_irY-52I1Lq271L~_zixl                                357      10.5 ( 83.3%)
                zixl_irY-q1L1IAeiz1~_zixl                             8178       9.5 ( 90.8%)
                  zixl_irY-Zir~_zixl                                  8178       9.1 ( 95.9%)
                    zixl_irY-rPL51r32iPL [T]~_zixl                  120255       7.7 ( 84.1%)
                    zixl_irY-34~_zixl                                56582       1.3 ( 14.4%)
                      zixl_5r5-5Pet1 [T]~_zixl                       66662       0.8 ( 63.4%)
                      zixl_5Pet1 [F]~_zixl                           56582       0.1 (  5.7%)
                      zixl_L1U-tAI [RT]~_zixl                       102024       0.0 (  1.3%)
                      <zixl_I152>~_zixl                                          0.4 ( 28.8%)
                    <zixl_58i441S>~_zixl                                         0.1 (  1.0%)
                  zixl_irY-rPL51r32iPL [R]~_zixl                      6351       0.3 (  3.5%)
                zixl_irY-rPL51r32iPL [E]~_zixl                       11895       0.9 (  8.6%)
              zixl_irY-4IP4AqA21 [E]~_zixl                             311       1.2 (  9.6%)
              zixl_irY-ePqaIPP6~_zixl                                   47       0.7 (  5.6%)
                zixl_irY-iZ4IPt1~_zixl                                  47       0.7 ( 98.4%)
                  zixl_irY-rPL51r32iPL [Y]~_zixl                     11383       0.7 ( 98.9%)
                zixl_4r-I14PI2aIPP6 [R]~_zixl                           47       0.0 (  1.1%)
              <zixl_58i441S>~_zixl                                               0.2 (  1.6%)
        zixl_IAI-iLtAIiAL25~_zixl                                       28       0.3 (  2.2%)
          zixl_irY-iLtAIiAL25~_zixl                                     28       0.3 (100.0%)
            zixl_irY-4IP4AqA21 [R]~_zixl                                28       0.3 ( 98.0%)
            zixl_irY-rPL6iq3I1bPL5 [R]~_zixl                            27       0.0 (  1.2%)

    zixl_5r5-5Pet1~_zixl                                            243247       8.4 ( 87.1%)
    zixl_irY-52A21p6~_zixl                                           36993       1.1 ( 11.7%)
    <zixl_58i441S>~_zixl                                                         0.1 (  1.3%)
  zixl_5Pet1~_zixl                                                  338762       9.6         
    zixl_ALAeOz1~_zixl                                              373220       0.6 (  6.6%)
      zixl_q1L1IA21-reA351~_zixl                                    373220       0.3 ( 47.0%)
      zixl_y3Z4-tAI5~_zixl                                          373220       0.1 ( 23.0%)
      zixl_ZiLiZiz1-rPL6eir2~_zixl                                  373220       0.1 ( 16.4%)
      zixl_6iLi57~_zixl                                             373220       0.1 (  8.3%)
      <zixl_I152>~_zixl                                                          0.0 (  5.3%)
    zixl_I1ZPt1-5A2i56i1S [E]~_zixl                                  54565       0.2 (  2.4%)
    zixl_I1ePr-34SA21~_zixl                                            517       0.2 (  2.1%)
    <zixl_I152>~_zixl                                                            8.3 ( 86.3%)
    <zixl_58i441S>~_zixl                                                         0.2 (  2.6%)

    zixl_irY-52I1Lq271L~_zixl                                        11895       0.9 (  9.4%)
    zixl_irY-q1L1IAeiz1~_zixl                                         6351       0.3 (  3.4%)
    zixl_irY-Zir~_zixl                                              120255       7.7 ( 80.1%)
    zixl_irY-iZ4IPt1~_zixl                                           11383       0.7 (  7.1%)
  zixl_irY-rPL51r32iPL~_zixl                                        149884       9.6         
    zixl_irY-rPL5~_zixl                                             148756       9.5 ( 99.5%)
      zixl_5r5-5Pet1 [R]~_zixl                                      148756       7.1 ( 74.5%)
      zixl_irY-52A21p6 [E]~_zixl                                     36993       1.4 ( 15.0%)
      zixl_3LSP [Y]~_zixl                                           132977       0.6 (  6.2%)
      <zixl_I152>~_zixl                                                          0.4 (  4.2%)

    zixl_irY-rPL5~_zixl                                             148756       7.1 ( 76.0%)
    zixl_irY-34~_zixl                                                66662       0.8 (  8.9%)
    zixl_irY-U1A8bPL51r32iPL~_zixl                                   27031       1.4 ( 14.6%)
  zixl_5r5-5Pet1~_zixl                                              243247       9.3         
    zixl_5Pet1 [T]~_zixl                                            243247       8.4 ( 89.6%)
    zixl_55-ZAI8~_zixl                                              243247       0.8 (  8.3%)
      zixl_3LSP [H]~_zixl                                            18939       0.1 ( 13.6%)
      <zixl_I152>~_zixl                                                          0.7 ( 86.4%)
    <zixl_I152>~_zixl                                                            0.2 (  1.9%)

    zixl_irY-5Pet1~_zixl                                               311       1.2 ( 81.2%)
    zixl_irY-iLtAIiAL25~_zixl                                           28       0.3 ( 18.8%)
  zixl_irY-4IP4AqA21~_zixl                                             339       1.5         
    zixl_irY-U1A8bPL51r32iPL~_zixl                                   27031       1.4 ( 95.2%)
      zixl_5r5-5Pet1 [Y]~_zixl                                       27031       1.4 ( 96.2%)
      <zixl_I152>~_zixl                                                          0.1 (  3.7%)
    <zixl_I152>~_zixl                                                            0.1 (  4.0%)

    zixl_irY-rPL5~_zixl                                              36993       1.4 ( 99.9%)
  zixl_irY-52A21p6~_zixl                                             37368       1.4         
    zixl_5Pet1 [G]~_zixl                                             36993       1.1 ( 78.2%)
    zixl_52A21p6-52S~_zixl                                           36993       0.1 (  7.4%)
    zixl_3LSP [F]~_zixl                                              36990       0.0 (  2.8%)
    <zixl_I152>~_zixl                                                            0.2 ( 11.0%)

    zixl_5Pet1~_zixl                                                377949       0.1 ( 10.1%)
    zixl_irY-q1L1IAeiz1~_zixl                                         6169       0.0 (  3.9%)
    zixl_irY-rPL5~_zixl                                             132977       0.6 ( 62.8%)
    zixl_irY-34~_zixl                                                69724       0.0 (  1.2%)
    zixl_irY-52A21p6~_zixl                                           36990       0.0 (  4.2%)
    zixl_55-ZAI8~_zixl                                               18939       0.1 ( 11.2%)
    zixl_irY-Zir~_zixl                                                8957       0.1 (  5.9%)
  zixl_3LSP~_zixl                                                   665542       0.9         

    zixl_5Pet1~_zixl                                                 54565       0.2 ( 98.8%)
    <zixl_58i441S>~_zixl                                                         0.0 (  1.2%)
  zixl_I1ZPt1-5A2i56i1S~_zixl                                        57895       0.2         

  <zixl_58i441S>~_zixl                                                           0.4 (  3.2%)

================================================================================
== Profile: PEAK-MEMORY, CPU-freq = 4.00 GHz
                                                          Calls   Peak-Mb         
                                                                                  

    <zixl_543IiP35>~_zixl                                                1      12.0 (100.0%)
  zixl_5eAt1-I3L-ePP4~_zixl                                              1      12.0         
    zixl_5eAt1-I3L-1LqiL1~_zixl                                         86      12.0 (100.0%)
      zixl_IAI-iZ4e-5Pet1~_zixl                                         86      12.0 (100.0%)
        zixl_IAI-5Pet1~_zixl                                            75      12.0 (100.0%)
          zixl_IAI-51234~_zixl                                         102       8.0 ( 66.7%)
            zixl_55-I1512 [R]~_zixl                                    816       8.0 (100.0%)
          zixl_IAI-5Pet1-5Pet1~_zixl                                   102       4.0 ( 33.3%)
            zixl_irY-5Pet1~_zixl                                       102       4.0 (100.0%)
              zixl_irY-52I1Lq271L~_zixl                                357       4.0 (100.0%)
                zixl_irY-q1L1IAeiz1~_zixl                             8178       4.0 (100.0%)
                  zixl_irY-Zir~_zixl                                  8178       4.0 (100.0%)
                    zixl_irY-rPL51r32iPL [T]~_zixl                  120255       4.0 (100.0%)

    zixl_55-I1512~_zixl                                               1605       8.0 ( 66.7%)
    zixl_5Pet1~_zixl                                                  1034       4.0 ( 33.3%)
  zixl_L1U-r73L8~_zixl                                                2667      12.0         

    zixl_IAI-51234~_zixl                                               816       8.0 (100.0%)
  zixl_55-I1512~_zixl                                                 1605       8.0         
    zixl_L1U-r73L8 [E]~_zixl                                          1605       8.0 (100.0%)

    zixl_5r5-5Pet1~_zixl                                            243247       4.0 (100.0%)
  zixl_5Pet1~_zixl                                                  338762       4.0         
    zixl_L1U-r73L8 [R]~_zixl                                          1034       4.0 (100.0%)

    zixl_irY-rPL5~_zixl                                             148756       4.0 (100.0%)
  zixl_5r5-5Pet1~_zixl                                              243247       4.0         
    zixl_5Pet1 [T]~_zixl                                            243247       4.0 (100.0%)

    zixl_irY-Zir~_zixl                                              120255       4.0 (100.0%)
  zixl_irY-rPL51r32iPL~_zixl                                        149884       4.0         
    zixl_irY-rPL5~_zixl                                             148756       4.0 (100.0%)
      zixl_5r5-5Pet1 [R]~_zixl                                      148756       4.0 (100.0%)

