================================================================================
== Profile: REAL-TIME, CPU-freq = 4.00 GHz
                                                          Calls Real-Time  Parent 
                                                                   (secs) fraction

    <zixl_543IiP35>~_zixl                                                1      13.0 (100.0%)
  zixl_5eAt1-I3L-ePP4~_zixl                                              1      13.0         
    zixl_5eAt1-I3L-1LqiL1~_zixl                                         99      12.9 ( 99.6%)
      zixl_IAI-iZ4e-5Pet1~_zixl                                         99      12.9 ( 99.9%)
        zixl_IAI-5Pet1~_zixl                                            99      12.5 ( 96.5%)
          zixl_IAI-5Pet1-5Pet1~_zixl                                   132      12.4 ( 99.7%)
            zixl_irY-5Pet1~_zixl                                       132      12.4 (100.0%)
              zixl_irY-52I1Lq271L~_zixl                                469      10.2 ( 81.8%)
                zixl_irY-q1L1IAeiz1~_zixl                             7609       9.3 ( 91.1%)
                  zixl_irY-Zir~_zixl                                  7609       8.9 ( 96.0%)
                    zixl_irY-rPL51r32iPL [T]~_zixl                  114873       7.5 ( 84.2%)
                    zixl_irY-34~_zixl                                54571       1.3 ( 14.4%)
                      zixl_5r5-5Pet1 [T]~_zixl                       64564       0.8 ( 63.7%)
                      zixl_5Pet1 [G]~_zixl                           54571       0.1 (  5.2%)
                      zixl_L1U-tAI [RY]~_zixl                        99331       0.0 (  1.3%)
                      <zixl_I152>~_zixl                                          0.4 ( 28.9%)
                    <zixl_58i441S>~_zixl                                         0.1 (  1.0%)
                  zixl_irY-rPL51r32iPL [R]~_zixl                      5671       0.3 (  3.4%)
                zixl_irY-rPL51r32iPL [E]~_zixl                       10851       0.8 (  8.1%)
              zixl_irY-4IP4AqA21 [E]~_zixl                             421       1.0 (  8.2%)
              zixl_irY-ePqaIPP6~_zixl                                   73       0.9 (  7.6%)
                zixl_irY-iZ4IPt1~_zixl                                  73       0.9 ( 98.3%)
                  zixl_irY-rPL51r32iPL [Y]~_zixl                     12984       0.9 ( 98.9%)
                zixl_4r-I14PI2aIPP6 [R]~_zixl                           73       0.0 (  1.3%)
              <zixl_58i441S>~_zixl                                               0.3 (  2.3%)
        zixl_IAI-iLtAIiAL25~_zixl                                       26       0.4 (  3.1%)
          zixl_irY-iLtAIiAL25~_zixl                                     26       0.4 (100.0%)
            zixl_irY-4IP4AqA21 [R]~_zixl                                26       0.4 ( 98.4%)
            <zixl_58i441S>~_zixl                                                 0.0 (  1.5%)

    zixl_irY-52I1Lq271L~_zixl                                        10851       0.8 (  8.7%)
    zixl_irY-q1L1IAeiz1~_zixl                                         5671       0.3 (  3.3%)
    zixl_irY-Zir~_zixl                                              114873       7.5 ( 78.5%)
    zixl_irY-iZ4IPt1~_zixl                                           12984       0.9 (  9.6%)
  zixl_irY-rPL51r32iPL~_zixl                                        144379       9.6         
    zixl_irY-rPL5~_zixl                                             143384       9.5 ( 99.4%)
      zixl_5r5-5Pet1 [R]~_zixl                                      143384       7.1 ( 75.0%)
      zixl_irY-52A21p6 [E]~_zixl                                     35106       1.4 ( 14.6%)
      zixl_3LSP [D]~_zixl                                           128955       0.6 (  6.1%)
      <zixl_I152>~_zixl                                                          0.4 (  4.1%)

    zixl_5r5-5Pet1~_zixl                                            233313       8.3 ( 87.4%)
    zixl_irY-52A21p6~_zixl                                           35106       1.1 ( 11.3%)
    <zixl_58i441S>~_zixl                                                         0.1 (  1.3%)
  zixl_5Pet1~_zixl                                                  324995       9.5         
    zixl_ALAeOz1~_zixl                                              385292       0.7 (  6.9%)
      zixl_q1L1IA21-reA351~_zixl                                    385292       0.3 ( 46.7%)
      zixl_y3Z4-tAI5~_zixl                                          385292       0.2 ( 23.3%)
      zixl_ZiLiZiz1-rPL6eir2~_zixl                                  385292       0.1 ( 16.2%)
      zixl_6iLi57~_zixl                                             385292       0.1 (  8.4%)
      <zixl_I152>~_zixl                                                          0.0 (  5.5%)
    zixl_I1ZPt1-5A2i56i1S [E]~_zixl                                  45145       0.2 (  2.4%)
    zixl_I1ePr-34SA21~_zixl                                            478       0.2 (  2.0%)
    zixl_3LSP [E]~_zixl                                             389599       0.1 (  1.1%)
    <zixl_I152>~_zixl                                                            8.2 ( 86.0%)
    <zixl_58i441S>~_zixl                                                         0.2 (  1.6%)

    zixl_irY-rPL5~_zixl                                             143384       7.1 ( 76.7%)
    zixl_irY-34~_zixl                                                64564       0.8 (  8.8%)
    zixl_irY-U1A8bPL51r32iPL~_zixl                                   24364       1.3 ( 13.9%)
  zixl_5r5-5Pet1~_zixl                                              233313       9.3         
    zixl_5Pet1 [T]~_zixl                                            233313       8.3 ( 89.6%)
    zixl_55-ZAI8~_zixl                                              233313       0.7 (  8.0%)
      zixl_3LSP [H]~_zixl                                            16657       0.1 ( 12.6%)
      <zixl_I152>~_zixl                                                          0.7 ( 87.4%)
    <zixl_I152>~_zixl                                                            0.2 (  2.2%)

    zixl_irY-5Pet1~_zixl                                               421       1.0 ( 72.5%)
    zixl_irY-iLtAIiAL25~_zixl                                           26       0.4 ( 27.5%)
  zixl_irY-4IP4AqA21~_zixl                                             447       1.4         
    zixl_irY-U1A8bPL51r32iPL~_zixl                                   24364       1.3 ( 95.1%)
      zixl_5r5-5Pet1 [Y]~_zixl                                       24364       1.3 ( 96.3%)
      <zixl_I152>~_zixl                                                          0.0 (  3.7%)
    <zixl_I152>~_zixl                                                            0.1 (  3.8%)
    <zixl_58i441S>~_zixl                                                         0.0 (  1.1%)

    zixl_irY-rPL5~_zixl                                              35106       1.4 ( 99.9%)
  zixl_irY-52A21p6~_zixl                                             35420       1.4         
    zixl_5Pet1 [F]~_zixl                                             35106       1.1 ( 77.4%)
    zixl_52A21p6-52S~_zixl                                           35106       0.1 (  7.4%)
    zixl_3LSP [Y]~_zixl                                              35105       0.0 (  2.8%)
    <zixl_I152>~_zixl                                                            0.2 ( 11.7%)

    zixl_5Pet1~_zixl                                                389599       0.1 ( 11.0%)
    zixl_irY-q1L1IAeiz1~_zixl                                         5539       0.0 (  3.6%)
    zixl_irY-52A21p6~_zixl                                           35105       0.0 (  4.2%)
    zixl_irY-rPL5~_zixl                                             128955       0.6 ( 63.4%)
    zixl_irY-34~_zixl                                                67315       0.0 (  1.1%)
    zixl_55-ZAI8~_zixl                                               16657       0.1 ( 10.2%)
    zixl_irY-Zir~_zixl                                                8347       0.1 (  5.8%)
  zixl_3LSP~_zixl                                                   664552       0.9         

    zixl_5Pet1~_zixl                                                 45145       0.2 ( 98.3%)
    <zixl_58i441S>~_zixl                                                         0.0 (  1.7%)
  zixl_I1ZPt1-5A2i56i1S~_zixl                                        49480       0.2         

  <zixl_58i441S>~_zixl                                                           0.5 (  3.8%)

================================================================================
== Profile: PEAK-MEMORY, CPU-freq = 4.00 GHz
                                                          Calls   Peak-Mb         
                                                                                  

    <zixl_543IiP35>~_zixl                                                1      12.0 (100.0%)
  zixl_5eAt1-I3L-ePP4~_zixl                                              1      12.0         
    zixl_5eAt1-I3L-1LqiL1~_zixl                                         99      12.0 (100.0%)
      zixl_IAI-iZ4e-5Pet1~_zixl                                         99      12.0 (100.0%)
        zixl_IAI-5Pet1~_zixl                                            99      12.0 (100.0%)
          zixl_IAI-51234~_zixl                                         132       8.0 ( 66.7%)
            zixl_55-I1512 [R]~_zixl                                   1056       8.0 (100.0%)
          zixl_IAI-5Pet1-5Pet1~_zixl                                   132       4.0 ( 33.3%)
            zixl_irY-5Pet1~_zixl                                       132       4.0 (100.0%)
              zixl_irY-52I1Lq271L~_zixl                                469       4.0 (100.0%)
                zixl_irY-q1L1IAeiz1~_zixl                             7609       4.0 (100.0%)
                  zixl_irY-Zir~_zixl                                  7609       4.0 (100.0%)
                    zixl_irY-34~_zixl                                54571       4.0 (100.0%)
                      zixl_5r5-5Pet1 [T]~_zixl                       64564       4.0 (100.0%)

    zixl_55-I1512~_zixl                                               2075       8.0 ( 66.7%)
    zixl_5Pet1~_zixl                                                   956       4.0 ( 33.3%)
  zixl_L1U-r73L8~_zixl                                                3064      12.0         

    zixl_IAI-51234~_zixl                                              1056       8.0 (100.0%)
  zixl_55-I1512~_zixl                                                 2075       8.0         
    zixl_L1U-r73L8 [E]~_zixl                                          2075       8.0 (100.0%)

    zixl_5r5-5Pet1~_zixl                                            233313       4.0 (100.0%)
  zixl_5Pet1~_zixl                                                  324995       4.0         
    zixl_L1U-r73L8 [R]~_zixl                                           956       4.0 (100.0%)

    zixl_irY-34~_zixl                                                64564       4.0 (100.0%)
  zixl_5r5-5Pet1~_zixl                                              233313       4.0         
    zixl_5Pet1 [T]~_zixl                                            233313       4.0 (100.0%)

