================================================================================
== Profile: REAL-TIME, CPU-freq = 4.00 GHz
                                                          Calls Real-Time  Parent 
                                                                   (secs) fraction

    <zixl_543IiP35>~_zixl                                                1       5.5 (100.0%)
  zixl_L125A5-ZAiL~_zixl                                                 1       5.5         
    zixl_L125A5-1t1L2-ePP4~_zixl                                         1       5.5 ( 99.9%)
      zixl_L125A5-52AI234~_zixl                                          1       0.1 (  2.7%)
        zixl_L125A5-iLi2-6ISy~_zixl                                      1       0.1 ( 51.9%)
          zixl_L125A5-ePAS-L12ei52~_zixl                                 1       0.1 ( 71.1%)
            zixl_6ISy-ePAS-L12ei52~_zixl                                 1       0.1 ( 99.2%)
              zixl_I152PI1-5Le~_zixl                                     1       0.1 (100.0%)
                zixl_zi_5Le_rPL2192_I152PI1~_zixl                        1       0.1 ( 99.9%)
                  zixl_5Le-I52I-iLi2iAe-I1q-tAe315~_zixl                 1       0.0 ( 77.0%)
                  zixl_5Le-I52I-iS-AIIAO~_zixl                           1       0.0 (  5.9%)
                    zixl_5Le_I52I_5Le_194I~_zixl                      2502       0.0 ( 73.5%)
                      zixl_I152PI1-194I-5Ir5iL8~_zixl                  866       0.0 ( 27.6%)
                      zixl_I152PI1-194I-194I~_zixl                    1439       0.0 ( 21.7%)
                      zixl_I152PI1-194I-I1q~_zixl                      143       0.0 (  6.5%)
                      <zixl_I152>~_zixl                                          0.0 ( 44.2%)
                    zixl_194I_rPZ4e121_rP4O~_zixl                        1       0.0 ( 20.4%)
                      zixl_I15Pet1_6A81_194I~_zixl                    2502       0.0 ( 74.4%)
                      <zixl_I152>~_zixl                                          0.0 ( 25.6%)
                    <zixl_I152>~_zixl                                            0.0 (  6.1%)
                  <zixl_I152>~_zixl                                              0.0 ( 16.8%)
          zixl_6ISy-rI1A21-6IPZ-6PIZAe-Sy~_zixl                          1       0.0 ( 28.8%)
            zixl_rPZ4Sy-I152PI1~_zixl                                    1       0.0 ( 89.9%)
              zixl_rPZ4Sy-I152PI1-Sy~_zixl                               1       0.0 ( 99.9%)
                zixl_rPZ4Sy-I152PI1-rSy~_zixl                            1       0.0 ( 31.6%)
                zixl_I152PI1-ArSy~_zixl                                  1       0.0 ( 16.6%)
                zixl_I152PI1-SSy~_zixl                                   1       0.0 ( 16.3%)
                zixl_I152PI1-4Sy~_zixl                                   1       0.0 ( 15.1%)
                <zixl_I152>~_zixl                                                0.0 ( 20.4%)
            <zixl_I152>~_zixl                                                    0.0 (  9.3%)
        zixl_eir1L51-5OLr-r71r8P32~_zixl                                 1       0.1 ( 48.1%)
      zixl_L125A5-52AI2-I3L~_zixl                                        1       0.1 (  1.4%)
        zixl_L125A5-34SA21-6ISy~_zixl                                    1       0.0 ( 50.7%)
          zixl_55Z-34SA21-6ISy~_zixl                                     1       0.0 ( 44.8%)
            <zixl_I152>~_zixl                                                    0.0 ( 99.3%)
          zixl_5At1-ArSy [E]~_zixl                                       1       0.0 ( 13.8%)
          <zixl_I152>~_zixl                                                      0.0 ( 41.4%)
        zixl_L125A5-rI1A21-yeL~_zixl                                     1       0.0 ( 16.2%)
          zixl_5ry-58i4_yLe~_zixl                                        1       0.0 ( 73.5%)
            zixl_yeLdLe-P32~_zixl                                       65       0.0 ( 74.6%)
              zixl_yeLdLe-yy~_zixl                                      83       0.0 ( 96.3%)
                zixl_IUTe-y3ieS-6IPZ-AIIAO~_zixl                         1       0.0 ( 26.9%)
                zixl_yeLdLe-yy-yy~_zixl                                927       0.0 ( 25.0%)
                  zixl_yy-yy [R]~_zixl                                 927       0.0 ( 98.9%)
                  <zixl_I152>~_zixl                                              0.0 (  1.1%)
                <zixl_I152>~_zixl                                                0.0 ( 48.1%)
              <zixl_I152>~_zixl                                                  0.0 (  3.7%)
            <zixl_I152>~_zixl                                                    0.0 ( 25.4%)
          zixl_5ry-6i942~_zixl                                           1       0.0 ( 26.0%)
            zixl_UeLfA2AB1S3r1~_zixl                                     1       0.0 ( 62.8%)
              zixl_UeL-w352i6O~_zixl                                     1       0.0 ( 72.1%)
                zixl_UeL-5LeTUeL~_zixl                                   1       0.0 ( 80.2%)
                zixl_UeL-w352i6O-i~_zixl                                 1       0.0 ( 19.2%)
                  zixl_UeL-5LeTUeL-6iLi57~_zixl                          1       0.0 ( 10.4%)
                  <zixl_I152>~_zixl                                              0.0 ( 89.6%)
              zixl_UeL-SA2A-ALAeOz1~_zixl                              403       0.0 (  7.2%)
              zixl_UeL-SA2A-511L~_zixl                                   1       0.0 (  5.6%)
              zixl_UeL-SA2A~_zixl                                        1       0.0 (  2.2%)
                zixl_UeL-SA2A-tAI5~_zixl                                 1       0.0 ( 99.2%)
              <zixl_I152>~_zixl                                                  0.0 ( 12.9%)
            zixl_6i942-iLi2~_zixl                                        1       0.0 ( 27.0%)
              zixl_diZ3eA21dLeoZ4eb::diZ3eA21 [R]~_zixl                  3       0.0 (  9.0%)
              <zixl_I152>~_zixl                                                  0.0 ( 91.0%)
            <zixl_I152>~_zixl                                                    0.0 (  9.7%)
        zixl_L125A5-iLi2-55Z~_zixl                                       1       0.0 ( 12.6%)
          zixl_5At1-ArSy [R]~_zixl                                       1       0.0 ( 67.4%)
          zixl_55Zr-I1512-510~_zixl                                      1       0.0 ( 20.1%)
            zixl_55Z-I1512-510~_zixl                                     1       0.0 ( 99.9%)
          zixl_55Zr-4I14AI1-5Le~_zixl                                    1       0.0 ( 12.2%)
            zixl_5Le-eiL8-S15iqL [R]~_zixl                               1       0.0 ( 28.5%)
            zixl_bPZ4321VSq1CAt16PIZ5~_zixl                              1       0.0 (  3.8%)
              zixl_dLen1Ii6OV94Ic1IP~_zixl                               2       0.0 ( 33.7%)
                zixl_yy-yy [E]~_zixl                                     1       0.0 ( 20.9%)
                <zixl_I152>~_zixl                                                0.0 ( 79.1%)
              <zixl_I152>~_zixl                                                  0.0 ( 66.3%)
            <zixl_I152>~_zixl                                                    0.0 ( 67.7%)
        zixl_5Ir7-r2Ie-4I14AI1~_zixl                                     1       0.0 (  6.8%)
          zixl_oZ4eiri2bePr8fPZAiLb~_zixl                                1       0.0 ( 34.4%)
            zixl_bPZ4321see~_zixl                                        1       0.0 ( 77.7%)
            zixl_zi_5Le_y65_i21IA2PI_iLi2~_zixl                          1       0.0 ( 19.3%)
              zixl_zi_5Le_2P4PePqirAe_5PI2_iLi2~_zixl                    1       0.0 ( 81.4%)
              <zixl_I152>~_zixl                                                  0.0 ( 18.6%)
            zixl_aP43eA21d2AIV94I5~_zixl                                 1       0.0 (  2.9%)
          zixl_5iZ3eA21-iLi2-510~_zixl                                   1       0.0 ( 14.7%)
            zixl_diZ3eA21dLeoZ4eb::diZ3eA21 [E]~_zixl                    1       0.0 (  8.6%)
            zixl_A5iP-51LS [F]~_zixl                                     1       0.0 (  2.9%)
            zixl_diZ3eA21dLeoZ4eb::bP4OseefNPX~_zixl                     1       0.0 (  2.9%)
            <zixl_I152>~_zixl                                                    0.0 ( 85.6%)
          zixl_5Le-e1t1e-rPZ4321-Aee [R]~_zixl                           1       0.0 (  1.8%)
          <zixl_I152>~_zixl                                                      0.0 ( 47.7%)
          <zixl_58i441S>~_zixl                                                   0.0 (  1.4%)
        <zixl_I152>~_zixl                                                        0.0 ( 13.5%)
      <zixl_I152>~_zixl                                                          5.2 ( 95.1%)

    <zixl_543IiP35>~_zixl                                                1       5.2 (100.0%)
  zixl_PIr-27I1AS~_zixl                                                  1       5.2         
    zixl_PIr-I3L~_zixl                                                   1       5.2 ( 99.3%)
      zixl_PIr-ZA521I-I3L-PL1~_zixl                                   1273       5.2 (100.0%)
        <zixl_I152>~_zixl                                                        5.1 ( 99.5%)


================================================================================
== Profile: PEAK-MEMORY, CPU-freq = 4.00 GHz
                                                          Calls   Peak-Mb         
                                                                                  

    <zixl_543IiP35>~_zixl                                                1     112.0 (100.0%)
  zixl_L125A5-ZAiL~_zixl                                                 1     112.0         
    zixl_L125A5-1t1L2-ePP4~_zixl                                         1     112.0 (100.0%)
      zixl_L125A5-52AI234~_zixl                                          1      84.0 ( 75.0%)
        zixl_L125A5-iLi2-6ISy~_zixl                                      1      84.0 (100.0%)
          zixl_L125A5-ePAS-L12ei52~_zixl                                 1      84.0 (100.0%)
            zixl_6ISy-ePAS-L12ei52~_zixl                                 1      84.0 (100.0%)
              zixl_I152PI1-5Le~_zixl                                     1      84.0 (100.0%)
                zixl_zi_5Le_rPL2192_I152PI1~_zixl                        1      84.0 (100.0%)
                  <zixl_I152>~_zixl                                             84.0 (100.0%)
      zixl_L125A5-52AI2-I3L~_zixl                                        1      28.0 ( 25.0%)
        zixl_L125A5-rI1A21-yeL~_zixl                                     1      24.0 ( 85.7%)
          zixl_5ry-58i4_yLe~_zixl                                        1      24.0 (100.0%)
            <zixl_I152>~_zixl                                                   24.0 (100.0%)
        zixl_L125A5-34SA21-6ISy~_zixl                                    1       4.0 ( 14.3%)
          <zixl_I152>~_zixl                                                      4.0 (100.0%)

