================================================================================
== Profile: REAL-TIME, CPU-freq = 4.00 GHz
                                                          Calls Real-Time  Parent 
                                                                   (secs) fraction

    <zixl_543IiP35>~_zixl                                                1       5.1 (100.0%)
  zixl_5eAt1-I3L-ePP4~_zixl                                              1       5.1         
    zixl_5eAt1-I3L-1LqiL1~_zixl                                         62       5.1 ( 98.6%)
      zixl_yZr~_zixl                                                   888       4.9 ( 97.7%)
        zixl_5Pet1 [E]~_zixl                                           835       4.9 ( 98.8%)
        <zixl_58i441S>~_zixl                                                     0.1 (  1.2%)
      zixl_iLS3r2iPL~_zixl                                             285       0.1 (  2.0%)
        zixl_5Pet1 [R]~_zixl                                           284       0.1 ( 69.5%)
        zixl_reA35i6O [R]~_zixl                                        277       0.0 ( 10.7%)
        zixl_34SA21-ZAI81S-tAI5 [R]~_zixl                              284       0.0 (  3.0%)
        zixl_ZAI8-ePqir [R]~_zixl                                      284       0.0 (  2.9%)
        zixl_34SA21-re1AI1S-tAI5 [R]~_zixl                             284       0.0 (  1.8%)
        zixl_IUTe-y3ieS-6IPZ-AIIAO~_zixl                                 1       0.0 (  1.5%)
        <zixl_I152>~_zixl                                                        0.0 ( 10.5%)
    <zixl_I152>~_zixl                                                            0.1 (  1.4%)

    zixl_yZr~_zixl                                                     835       4.9 ( 98.6%)
    zixl_iLS3r2iPL~_zixl                                               284       0.1 (  1.4%)
  zixl_5Pet1~_zixl                                                    1119       4.9         
    zixl_ALAeOz1~_zixl                                              121135       0.7 ( 14.1%)
      zixl_q1L1IA21-reA351~_zixl                                    121135       0.3 ( 39.2%)
      zixl_ZiLiZiz1-rPL6eir2~_zixl                                  121135       0.2 ( 31.3%)
      zixl_y3Z4-tAI5~_zixl                                          121135       0.2 ( 22.6%)
      zixl_6iLi57~_zixl                                             121135       0.0 (  5.2%)
      <zixl_I152>~_zixl                                                          0.0 (  1.7%)
    zixl_3LSP [E]~_zixl                                             122515       0.2 (  3.2%)
    zixl_I1ZPt1-5A2i56i1S~_zixl                                        460       0.1 (  1.7%)
    <zixl_I152>~_zixl                                                            3.9 ( 79.9%)
    <zixl_58i441S>~_zixl                                                         0.1 (  1.0%)

    zixl_5Pet1~_zixl                                                122515       0.2 ( 97.5%)
    zixl_L1U-tAI~_zixl                                                 245       0.0 (  2.5%)
  zixl_3LSP~_zixl                                                   122764       0.2         

  <zixl_58i441S>~_zixl                                                           0.1 (  1.3%)

================================================================================
== Profile: PEAK-MEMORY, CPU-freq = 4.00 GHz
                                                          Calls   Peak-Mb         
                                                                                  

    <zixl_543IiP35>~_zixl                                                1      20.0 (100.0%)
  zixl_5eAt1-I3L-ePP4~_zixl                                              1      20.0         
    zixl_5eAt1-I3L-1LqiL1~_zixl                                         62      20.0 (100.0%)
      zixl_yZr~_zixl                                                   888      20.0 (100.0%)
        zixl_5Pet1 [E]~_zixl                                           835      12.0 ( 60.0%)
        zixl_reA35i6O [E]~_zixl                                        808       8.0 ( 40.0%)

    zixl_yZr~_zixl                                                     835      12.0 (100.0%)
  zixl_5Pet1~_zixl                                                    1119      12.0         
    zixl_ASS-e1AIL2-reA351~_zixl                                    120389       4.0 ( 33.3%)
      zixl_L1U-r73L8 [R]~_zixl                                           9       4.0 (100.0%)
    <zixl_I152>~_zixl                                                            8.0 ( 66.7%)

    zixl_yZr~_zixl                                                     808       8.0 (100.0%)
  zixl_reA35i6O~_zixl                                                 1085       8.0         
    zixl_L1U-tAI~_zixl                                               27444       8.0 (100.0%)
      <zixl_I152>~_zixl                                                          8.0 (100.0%)

    zixl_ASS-e1AIL2-reA351~_zixl                                         9       4.0 (100.0%)
  zixl_L1U-r73L8~_zixl                                                  15       4.0         

