================================================================================
== Profile: REAL-TIME, CPU-freq = 4.00 GHz
                                                          Calls Real-Time  Parent 
                                                                   (secs) fraction

    <zixl_543IiP35>~_zixl                                                1       5.1 (100.0%)
  zixl_5eAt1-I3L-ePP4~_zixl                                              1       5.1         
    zixl_5eAt1-I3L-1LqiL1~_zixl                                         24       4.0 ( 78.9%)
      zixl_IAI-iZ4e-5Pet1~_zixl                                         24       4.0 ( 99.9%)
        zixl_IAI-5Pet1~_zixl                                            23       4.0 ( 98.1%)
          zixl_IAI-5Pet1-5Pet1~_zixl                                    23       4.0 ( 99.9%)
            zixl_irY-5Pet1~_zixl                                        23       4.0 (100.0%)
              zixl_irY-52I1Lq271L~_zixl                                145       3.4 ( 85.9%)
                zixl_irY-q1L1IAeiz1~_zixl                             2454       3.1 ( 90.3%)
                  zixl_irY-Zir~_zixl                                  2454       2.9 ( 95.8%)
                    zixl_irY-rPL51r32iPL [R]~_zixl                   34073       2.4 ( 82.4%)
                    zixl_irY-34~_zixl                                15909       0.5 ( 16.2%)
                      zixl_5r5-5Pet1 [T]~_zixl                       19674       0.3 ( 64.0%)
                      zixl_5Pet1 [H]~_zixl                           15909       0.0 (  5.0%)
                      zixl_L1U-tAI [RD]~_zixl                        29575       0.0 (  1.2%)
                      <zixl_I152>~_zixl                                          0.1 ( 28.8%)
                  zixl_irY-rPL51r32iPL [T]~_zixl                      1799       0.1 (  3.5%)
                zixl_irY-rPL51r32iPL [E]~_zixl                        3431       0.3 (  8.9%)
              zixl_irY-4IP4AqA21 [E]~_zixl                             138       0.4 (  9.2%)
              zixl_irY-ePqaIPP6~_zixl                                   14       0.1 (  3.1%)
                zixl_irY-iZ4IPt1~_zixl                                  14       0.1 ( 95.8%)
                  zixl_irY-rPL51r32iPL [Y]~_zixl                      4249       0.1 ( 97.1%)
                  zixl_irY-ASSb3y1 [Y]~_zixl                          4220       0.0 (  1.2%)
                  <zixl_I152>~_zixl                                              0.0 (  1.7%)
                zixl_4r-I14PI2aIPP6 [R]~_zixl                           14       0.0 (  3.4%)
              <zixl_58i441S>~_zixl                                               0.1 (  1.8%)
        zixl_IAI-iLtAIiAL25~_zixl                                        8       0.1 (  1.5%)
          zixl_irY-iLtAIiAL25~_zixl                                      8       0.1 ( 99.9%)
            zixl_irY-4IP4AqA21 [R]~_zixl                                 8       0.1 ( 97.3%)
            zixl_irY-rPL6iq3I1bPL5 [R]~_zixl                             8       0.0 (  1.8%)
    zixl_5eAt1-I3L-2IAL56PIZ~_zixl                                       4       1.0 ( 19.9%)
      zixl_i21-4Ar8Aq1~_zixl                                          1156       1.0 ( 97.6%)
        zixl_i21-rI1A21~_zixl                                         1156       1.0 (100.0%)
      <zixl_58i441S>~_zixl                                                       0.0 (  1.6%)
    <zixl_I152>~_zixl                                                            0.1 (  1.1%)

    zixl_irY-52I1Lq271L~_zixl                                         3431       0.3 ( 10.3%)
    zixl_irY-Zir~_zixl                                               34073       2.4 ( 82.1%)
    zixl_irY-q1L1IAeiz1~_zixl                                         1799       0.1 (  3.7%)
    zixl_irY-iZ4IPt1~_zixl                                            4249       0.1 (  3.9%)
  zixl_irY-rPL51r32iPL~_zixl                                         43552       2.9         
    zixl_irY-rPL5~_zixl                                              43271       2.9 ( 99.5%)
      zixl_5r5-5Pet1 [R]~_zixl                                       43271       2.1 ( 73.0%)
      zixl_irY-52A21p6 [E]~_zixl                                     10610       0.5 ( 15.6%)
      zixl_3LSP [D]~_zixl                                            38868       0.2 (  6.3%)
      <zixl_I152>~_zixl                                                          0.1 (  4.9%)

    zixl_5r5-5Pet1~_zixl                                             70250       2.5 ( 86.3%)
    zixl_irY-52A21p6~_zixl                                           10610       0.4 ( 12.4%)
    <zixl_58i441S>~_zixl                                                         0.0 (  1.3%)
  zixl_5Pet1~_zixl                                                   97347       2.8         
    zixl_ALAeOz1~_zixl                                               90527       0.2 (  6.9%)
      zixl_q1L1IA21-reA351~_zixl                                     90527       0.1 ( 47.5%)
      zixl_y3Z4-tAI5~_zixl                                           90527       0.0 ( 22.8%)
      zixl_ZiLiZiz1-rPL6eir2~_zixl                                   90527       0.0 ( 15.1%)
      zixl_6iLi57~_zixl                                              90527       0.0 (  8.7%)
      <zixl_I152>~_zixl                                                          0.0 (  5.9%)
    zixl_I1ZPt1-5A2i56i1S [E]~_zixl                                  13900       0.1 (  2.7%)
    zixl_I1ePr-34SA21~_zixl                                            194       0.1 (  2.6%)
    zixl_3LSP [R]~_zixl                                              91952       0.0 (  1.1%)
    <zixl_I152>~_zixl                                                            2.4 ( 84.8%)
    <zixl_58i441S>~_zixl                                                         0.1 (  1.9%)

    zixl_irY-rPL5~_zixl                                              43271       2.1 ( 75.2%)
    zixl_irY-34~_zixl                                                19674       0.3 ( 10.7%)
    zixl_irY-U1A8bPL51r32iPL~_zixl                                    6981       0.4 ( 13.5%)
  zixl_5r5-5Pet1~_zixl                                               70250       2.8         
    zixl_5Pet1 [D]~_zixl                                             70250       2.5 ( 86.4%)
    zixl_55-ZAI8~_zixl                                               70250       0.3 ( 10.5%)
      zixl_3LSP [H]~_zixl                                             4740       0.0 (  9.7%)
      <zixl_I152>~_zixl                                                          0.3 ( 90.3%)
    <zixl_I152>~_zixl                                                            0.1 (  2.8%)

    zixl_irY-rPL5~_zixl                                              10610       0.5 (100.0%)
  zixl_irY-52A21p6~_zixl                                             10689       0.5         
    zixl_5Pet1 [J]~_zixl                                             10610       0.4 ( 76.9%)
    zixl_52A21p6-52S~_zixl                                           10610       0.0 (  7.6%)
    zixl_3LSP [F]~_zixl                                              10610       0.0 (  2.9%)
    <zixl_I152>~_zixl                                                            0.1 ( 11.9%)

    zixl_irY-5Pet1~_zixl                                               138       0.4 ( 85.9%)
    zixl_irY-iLtAIiAL25~_zixl                                            8       0.1 ( 14.1%)
  zixl_irY-4IP4AqA21~_zixl                                             146       0.4         
    zixl_irY-U1A8bPL51r32iPL~_zixl                                    6981       0.4 ( 94.4%)
      zixl_5r5-5Pet1 [Y]~_zixl                                        6981       0.4 ( 95.8%)
      <zixl_I152>~_zixl                                                          0.0 (  4.2%)
    <zixl_I152>~_zixl                                                            0.0 (  4.5%)
    <zixl_58i441S>~_zixl                                                         0.0 (  1.1%)

    zixl_5Pet1~_zixl                                                 91952       0.0 ( 10.8%)
    zixl_irY-q1L1IAeiz1~_zixl                                         1742       0.0 (  3.9%)
    zixl_irY-rPL5~_zixl                                              38868       0.2 ( 63.2%)
    zixl_irY-52A21p6~_zixl                                           10610       0.0 (  4.6%)
    zixl_irY-34~_zixl                                                20347       0.0 (  1.5%)
    zixl_55-ZAI8~_zixl                                                4740       0.0 ( 10.0%)
    zixl_irY-Zir~_zixl                                                2413       0.0 (  5.4%)
  zixl_3LSP~_zixl                                                   174615       0.3         

    zixl_5Pet1~_zixl                                                 13900       0.1 ( 98.7%)
    <zixl_58i441S>~_zixl                                                         0.0 (  1.3%)
  zixl_I1ZPt1-5A2i56i1S~_zixl                                        15010       0.1         

  <zixl_58i441S>~_zixl                                                           0.2 (  3.1%)

================================================================================
== Profile: PEAK-MEMORY, CPU-freq = 4.00 GHz
                                                          Calls   Peak-Mb         
                                                                                  

    <zixl_543IiP35>~_zixl                                                1     160.0 (100.0%)
  zixl_5eAt1-I3L-ePP4~_zixl                                              1     160.0         
    zixl_5eAt1-I3L-2IAL56PIZ~_zixl                                       4     160.0 (100.0%)
      zixl_i21-4Ar8Aq1~_zixl                                          1156     140.0 ( 87.5%)
        zixl_i21-rI1A21~_zixl                                         1156     140.0 (100.0%)
      <zixl_I152>~_zixl                                                         20.0 ( 12.5%)

