================================================================================
== Profile: REAL-TIME, CPU-freq = 4.00 GHz
                                                          Calls Real-Time  Parent 
                                                                  (milli) fraction

    <zixl_543IiP35>~_zixl                                                1     789.4 (100.0%)
  zixl_5eAt1-I3L-ePP4~_zixl                                              1     789.4         
    zixl_5eAt1-I3L-1LqiL1~_zixl                                         10     586.0 ( 74.2%)
      zixl_yZr~_zixl                                                   133     557.3 ( 95.1%)
        zixl_5Pet1 [R]~_zixl                                           125     548.3 ( 98.4%)
        <zixl_58i441S>~_zixl                                                     8.7 (  1.6%)
      zixl_iLS3r2iPL~_zixl                                              55      26.6 (  4.5%)
        zixl_5Pet1 [E]~_zixl                                            55      18.0 ( 67.7%)
        zixl_reA35i6O [E]~_zixl                                         61       3.2 ( 12.1%)
        zixl_IUTe-y3ieS-6IPZ-AIIAO~_zixl                                 1       1.6 (  6.0%)
        zixl_34SA21-ZAI81S-tAI5 [E]~_zixl                               55       0.4 (  1.5%)
        zixl_ZAI8-ePqir [E]~_zixl                                       55       0.3 (  1.2%)
        <zixl_I152>~_zixl                                                        2.9 ( 10.9%)
    <zixl_I152>~_zixl                                                          203.1 ( 25.7%)

    zixl_iLS3r2iPL~_zixl                                                55      18.0 (  3.2%)
    zixl_yZr~_zixl                                                     125     548.3 ( 96.8%)
  zixl_5Pet1~_zixl                                                     180     566.3         
    zixl_ALAeOz1~_zixl                                               21550     105.4 ( 18.6%)
      zixl_q1L1IA21-reA351~_zixl                                     21550      43.6 ( 41.3%)
      zixl_ZiLiZiz1-rPL6eir2~_zixl                                   21550      28.9 ( 27.4%)
      zixl_y3Z4-tAI5~_zixl                                           21550      24.4 ( 23.2%)
      zixl_6iLi57~_zixl                                              21550       7.1 (  6.7%)
      <zixl_I152>~_zixl                                                          1.4 (  1.4%)
    zixl_3LSP [E]~_zixl                                              21916      20.7 (  3.7%)
    <zixl_I152>~_zixl                                                          433.0 ( 76.5%)
    <zixl_58i441S>~_zixl                                                         7.2 (  1.3%)

    zixl_5Pet1~_zixl                                                 21916      20.7 ( 95.5%)
    zixl_L1U-tAI~_zixl                                                 116       0.8 (  3.9%)
  zixl_3LSP~_zixl                                                    22080      21.7         

  <zixl_58i441S>~_zixl                                                          10.8 (  1.4%)

================================================================================
== Profile: PEAK-MEMORY, CPU-freq = 4.00 GHz
                                                          Calls   Peak-Mb         
                                                                                  

    <zixl_543IiP35>~_zixl                                                1       8.0 (100.0%)
  zixl_5eAt1-I3L-ePP4~_zixl                                              1       8.0         
    zixl_5eAt1-I3L-1LqiL1~_zixl                                         10       8.0 (100.0%)
      zixl_yZr~_zixl                                                   133       8.0 (100.0%)
        zixl_reA35i6O [R]~_zixl                                        105       4.0 ( 50.0%)
        zixl_5Pet1 [R]~_zixl                                           125       4.0 ( 50.0%)

    zixl_ASS-e1AIL2-reA351~_zixl                                         2       4.0 (100.0%)
  zixl_L1U-r73L8~_zixl                                                   4       4.0         

    zixl_yZr~_zixl                                                     105       4.0 (100.0%)
  zixl_reA35i6O~_zixl                                                  166       4.0         
    zixl_L1U-tAI~_zixl                                                9375       4.0 (100.0%)
      <zixl_I152>~_zixl                                                          4.0 (100.0%)

    zixl_yZr~_zixl                                                     125       4.0 (100.0%)
  zixl_5Pet1~_zixl                                                     180       4.0         
    zixl_ASS-e1AIL2-reA351~_zixl                                     21540       4.0 (100.0%)
      zixl_L1U-r73L8 [R]~_zixl                                           2       4.0 (100.0%)

