================================================================================
== Profile: REAL-TIME, CPU-freq = 4.00 GHz
                                                          Calls Real-Time  Parent 
                                                                   (secs) fraction

    <zixl_543IiP35>~_zixl                                                1       1.4 (100.0%)
  zixl_L125A5-ZAiL~_zixl                                                 1       1.4         
    zixl_L125A5-1t1L2-ePP4~_zixl                                         1       1.4 ( 99.6%)
      zixl_L125A5-52AI234~_zixl                                          1       0.4 ( 27.8%)
        zixl_eir1L51-5OLr-r71r8P32~_zixl                                 1       0.3 ( 82.2%)
        zixl_L125A5-iLi2-6ISy~_zixl                                      1       0.1 ( 17.8%)
          zixl_L125A5-ePAS-L12ei52~_zixl                                 1       0.1 ( 73.6%)
            zixl_6ISy-ePAS-L12ei52~_zixl                                 1       0.0 ( 99.6%)
              zixl_I152PI1-5Le~_zixl                                     1       0.0 (100.0%)
                zixl_zi_5Le_rPL2192_I152PI1~_zixl                        1       0.0 ( 99.9%)
                  zixl_5Le-I52I-iLi2iAe-I1q-tAe315~_zixl                 1       0.0 ( 77.1%)
                  zixl_5Le-I52I-iS-AIIAO~_zixl                           1       0.0 (  3.0%)
                    zixl_5Le_I52I_5Le_194I~_zixl                      1154       0.0 ( 78.0%)
                      zixl_I152PI1-194I-194I~_zixl                     686       0.0 ( 26.0%)
                      zixl_I152PI1-194I-5Ir5iL8~_zixl                  374       0.0 ( 25.4%)
                      zixl_I152PI1-194I-I1q~_zixl                       61       0.0 (  6.2%)
                      <zixl_I152>~_zixl                                          0.0 ( 42.4%)
                    zixl_194I_rPZ4e121_rP4O~_zixl                        1       0.0 ( 16.5%)
                      zixl_I15Pet1_6A81_194I~_zixl                    1154       0.0 ( 74.6%)
                      <zixl_I152>~_zixl                                          0.0 ( 25.4%)
                    <zixl_I152>~_zixl                                            0.0 (  5.5%)
                  <zixl_I152>~_zixl                                              0.0 ( 19.9%)
          zixl_6ISy-rI1A21-6IPZ-6PIZAe-Sy~_zixl                          1       0.0 ( 26.3%)
            zixl_rPZ4Sy-I152PI1~_zixl                                    1       0.0 ( 87.8%)
              zixl_rPZ4Sy-I152PI1-Sy~_zixl                               1       0.0 (100.0%)
                zixl_I152PI1-ArSy~_zixl                                  1       0.0 ( 19.5%)
                zixl_I152PI1-SSy~_zixl                                   1       0.0 ( 19.1%)
                zixl_I152PI1-4Sy~_zixl                                   1       0.0 ( 18.3%)
                zixl_rPZ4Sy-I152PI1-rSy~_zixl                            1       0.0 ( 14.5%)
                <zixl_I152>~_zixl                                                0.0 ( 28.6%)
            <zixl_I152>~_zixl                                                    0.0 ( 11.3%)
      zixl_L125A5-52AI2-I3L~_zixl                                        1       0.1 (  5.8%)
        zixl_L125A5-34SA21-6ISy~_zixl                                    1       0.0 ( 61.3%)
          zixl_55Z-34SA21-6ISy~_zixl                                     1       0.0 ( 57.6%)
            <zixl_I152>~_zixl                                                    0.0 ( 99.6%)
          zixl_5At1-ArSy [E]~_zixl                                       1       0.0 ( 11.8%)
          <zixl_I152>~_zixl                                                      0.0 ( 30.6%)
        zixl_L125A5-iLi2-55Z~_zixl                                       1       0.0 ( 11.6%)
          zixl_5At1-ArSy [R]~_zixl                                       1       0.0 ( 69.3%)
          zixl_55Zr-I1512-510~_zixl                                      1       0.0 ( 22.2%)
            zixl_55Z-I1512-510~_zixl                                     1       0.0 ( 99.9%)
          zixl_55Zr-4I14AI1-5Le~_zixl                                    1       0.0 (  8.4%)
            zixl_5Le-eiL8-S15iqL [R]~_zixl                               1       0.0 ( 15.3%)
            zixl_bPZ4321VSq1CAt16PIZ5~_zixl                              1       0.0 (  5.2%)
              zixl_dLen1Ii6OV94Ic1IP~_zixl                               2       0.0 ( 36.9%)
                zixl_yy-yy [E]~_zixl                                     1       0.0 ( 20.2%)
                <zixl_I152>~_zixl                                                0.0 ( 79.8%)
              <zixl_I152>~_zixl                                                  0.0 ( 63.1%)
            <zixl_I152>~_zixl                                                    0.0 ( 79.5%)
        zixl_L125A5-rI1A21-yeL~_zixl                                     1       0.0 (  9.5%)
          zixl_5ry-58i4_yLe~_zixl                                        1       0.0 ( 77.1%)
            zixl_yeLdLe-P32~_zixl                                       25       0.0 ( 68.3%)
              zixl_yeLdLe-yy~_zixl                                      37       0.0 ( 97.6%)
                zixl_IUTe-y3ieS-6IPZ-AIIAO~_zixl                         1       0.0 ( 32.6%)
                zixl_yeLdLe-yy-yy~_zixl                                474       0.0 ( 22.4%)
                  zixl_yy-yy [R]~_zixl                                 474       0.0 ( 98.9%)
                  <zixl_I152>~_zixl                                              0.0 (  1.1%)
                <zixl_I152>~_zixl                                                0.0 ( 45.0%)
              <zixl_I152>~_zixl                                                  0.0 (  2.4%)
            <zixl_I152>~_zixl                                                    0.0 ( 31.7%)
          zixl_5ry-6i942~_zixl                                           1       0.0 ( 22.5%)
            zixl_UeLfA2AB1S3r1~_zixl                                     1       0.0 ( 62.7%)
              zixl_UeL-w352i6O~_zixl                                     1       0.0 ( 70.1%)
                zixl_UeL-5LeTUeL~_zixl                                   1       0.0 ( 77.4%)
                zixl_UeL-w352i6O-i~_zixl                                 1       0.0 ( 21.7%)
                  zixl_UeL-5LeTUeL-6iLi57~_zixl                          1       0.0 (  8.4%)
                  <zixl_I152>~_zixl                                              0.0 ( 91.6%)
              zixl_UeL-SA2A-ALAeOz1~_zixl                              252       0.0 (  7.8%)
              zixl_UeL-SA2A-511L~_zixl                                   1       0.0 (  6.3%)
              zixl_UeL-SA2A~_zixl                                        1       0.0 (  3.0%)
                zixl_UeL-SA2A-tAI5~_zixl                                 1       0.0 ( 98.6%)
                <zixl_I152>~_zixl                                                0.0 (  1.4%)
              <zixl_I152>~_zixl                                                  0.0 ( 12.8%)
            zixl_6i942-iLi2~_zixl                                        1       0.0 ( 26.9%)
              zixl_diZ3eA21dLeoZ4eb::diZ3eA21 [R]~_zixl                  3       0.0 (  9.3%)
              <zixl_I152>~_zixl                                                  0.0 ( 90.7%)
            <zixl_I152>~_zixl                                                    0.0 (  9.6%)
        zixl_5Ir7-r2Ie-4I14AI1~_zixl                                     1       0.0 (  4.0%)
          zixl_oZ4eiri2bePr8fPZAiLb~_zixl                                1       0.0 ( 24.9%)
            zixl_bPZ4321see~_zixl                                        1       0.0 ( 77.0%)
            zixl_zi_5Le_y65_i21IA2PI_iLi2~_zixl                          1       0.0 ( 20.0%)
              zixl_zi_5Le_2P4PePqirAe_5PI2_iLi2~_zixl                    1       0.0 ( 84.4%)
              <zixl_I152>~_zixl                                                  0.0 ( 15.6%)
            zixl_aP43eA21d2AIV94I5~_zixl                                 1       0.0 (  2.7%)
          zixl_5iZ3eA21-iLi2-510~_zixl                                   1       0.0 ( 12.0%)
            zixl_diZ3eA21dLeoZ4eb::diZ3eA21 [E]~_zixl                    1       0.0 ( 10.5%)
            zixl_A5iP-51LS [F]~_zixl                                     1       0.0 (  5.7%)
            zixl_diZ3eA21dLeoZ4eb::bP4OseefNPX~_zixl                     1       0.0 (  2.3%)
            <zixl_I152>~_zixl                                                    0.0 ( 81.5%)
          zixl_5Le-e1t1e-rPZ4321-Aee [R]~_zixl                           1       0.0 (  1.2%)
          <zixl_I152>~_zixl                                                      0.0 ( 60.7%)
          <zixl_58i441S>~_zixl                                                   0.0 (  1.2%)
        <zixl_I152>~_zixl                                                        0.0 ( 13.4%)
      <zixl_I152>~_zixl                                                          0.9 ( 65.6%)

    <zixl_543IiP35>~_zixl                                                1       0.9 (100.0%)
  zixl_PIr-27I1AS~_zixl                                                  1       0.9         
    zixl_PIr-I3L~_zixl                                                   1       0.8 ( 96.5%)
      zixl_PIr-ZA521I-I3L-PL1~_zixl                                    393       0.8 ( 99.9%)
        <zixl_I152>~_zixl                                                        0.8 ( 99.3%)
    zixl_PIr-5732SPUL~_zixl                                              1       0.0 (  3.5%)
      zixl_PIr-ZA521I-7ALSe1-Z5q [R]~_zixl                               4       0.0 (  1.0%)
      <zixl_I152>~_zixl                                                          0.0 ( 98.9%)

  <zixl_58i441S>~_zixl                                                           0.0 (  1.0%)

================================================================================
== Profile: PEAK-MEMORY, CPU-freq = 4.00 GHz
                                                          Calls   Peak-Mb         
                                                                                  

    <zixl_543IiP35>~_zixl                                                1     112.0 (100.0%)
  zixl_L125A5-ZAiL~_zixl                                                 1     112.0         
    zixl_L125A5-1t1L2-ePP4~_zixl                                         1     112.0 (100.0%)
      zixl_L125A5-52AI234~_zixl                                          1      84.0 ( 75.0%)
        zixl_L125A5-iLi2-6ISy~_zixl                                      1      84.0 (100.0%)
          zixl_L125A5-ePAS-L12ei52~_zixl                                 1      84.0 (100.0%)
            zixl_6ISy-ePAS-L12ei52~_zixl                                 1      84.0 (100.0%)
              zixl_I152PI1-5Le~_zixl                                     1      84.0 (100.0%)
                zixl_zi_5Le_rPL2192_I152PI1~_zixl                        1      84.0 (100.0%)
                  <zixl_I152>~_zixl                                             84.0 (100.0%)
      zixl_L125A5-52AI2-I3L~_zixl                                        1      28.0 ( 25.0%)
        zixl_L125A5-rI1A21-yeL~_zixl                                     1      24.0 ( 85.7%)
          zixl_5ry-58i4_yLe~_zixl                                        1      24.0 (100.0%)
            <zixl_I152>~_zixl                                                   24.0 (100.0%)
        zixl_L125A5-34SA21-6ISy~_zixl                                    1       4.0 ( 14.3%)
          <zixl_I152>~_zixl                                                      4.0 (100.0%)

