================================================================================
== Profile: REAL-TIME, CPU-freq = 4.00 GHz
                                                          Calls Real-Time  Parent 
                                                                   (secs) fraction

    <zixl_543IiP35>~_zixl                                                1       2.0 (100.0%)
  zixl_z57-ZAiL~_zixl                                                    1       2.0         
    zixl_zi_iSe2_I3L_tP42~_zixl                                          1       1.3 ( 66.8%)
      zixl_iSe2-4IPr155~_zixl                                            1       1.3 ( 99.8%)
        zixl_tP42-ZAiL~_zixl                                             1       0.9 ( 71.8%)
          <zixl_I152>~_zixl                                                      0.9 ( 99.2%)
        zixl_iSe2-5At1~_zixl                                             1       0.1 (  4.7%)
          zixl_42-5At1~_zixl                                             2       0.0 ( 78.5%)
          zixl_32q-5At1~_zixl                                            1       0.0 (  5.8%)
          <zixl_I152>~_zixl                                                      0.0 ( 15.7%)
        <zixl_I152>~_zixl                                                        0.3 ( 23.5%)
    <zixl_I152>~_zixl                                                            0.7 ( 33.2%)


================================================================================
== Profile: PEAK-MEMORY, CPU-freq = 4.00 GHz
                                                          Calls   Peak-Mb         
                                                                                  

    <zixl_543IiP35>~_zixl                                                1      20.0 (100.0%)
  zixl_z57-ZAiL~_zixl                                                    1      20.0         
    zixl_zi_iSe2_I3L_tP42~_zixl                                          1      16.0 ( 80.0%)
      zixl_iSe2-4IPr155~_zixl                                            1      16.0 (100.0%)
        zixl_tP42-ZAiL~_zixl                                             1      12.0 ( 75.0%)
          <zixl_I152>~_zixl                                                     12.0 (100.0%)
        <zixl_I152>~_zixl                                                        4.0 ( 25.0%)
    <zixl_I152>~_zixl                                                            4.0 ( 20.0%)

