================================================================================
== Profile: REAL-TIME, CPU-freq = 4.00 GHz
                                                          Calls Real-Time  Parent 
                                                                   (secs) fraction

    <zixl_543IiP35>~_zixl                                                1       1.1 (100.0%)
  zixl_L125A5-ZAiL~_zixl                                                 1       1.1         
    zixl_L125A5-1t1L2-ePP4~_zixl                                         1       1.1 ( 99.3%)
      zixl_L125A5-52AI234~_zixl                                          1       0.1 ( 13.3%)
        zixl_L125A5-iLi2-6ISy~_zixl                                      1       0.1 ( 51.2%)
          zixl_L125A5-ePAS-L12ei52~_zixl                                 1       0.1 ( 75.0%)
            zixl_6ISy-ePAS-L12ei52~_zixl                                 1       0.1 ( 99.6%)
              zixl_I152PI1-5Le~_zixl                                     1       0.1 (100.0%)
                zixl_zi_5Le_rPL2192_I152PI1~_zixl                        1       0.1 ( 99.9%)
                  zixl_5Le-I52I-iLi2iAe-I1q-tAe315~_zixl                 1       0.0 ( 77.5%)
                  zixl_5Le-I52I-iS-AIIAO~_zixl                           1       0.0 (  2.3%)
                    zixl_5Le_I52I_5Le_194I~_zixl                       965       0.0 ( 78.3%)
                      zixl_I152PI1-194I-5Ir5iL8~_zixl                  356       0.0 ( 28.6%)
                      zixl_I152PI1-194I-194I~_zixl                     522       0.0 ( 18.1%)
                      zixl_I152PI1-194I-I1q~_zixl                       57       0.0 (  7.2%)
                      <zixl_I152>~_zixl                                          0.0 ( 46.1%)
                    zixl_194I_rPZ4e121_rP4O~_zixl                        1       0.0 ( 16.1%)
                      zixl_I15Pet1_6A81_194I~_zixl                     965       0.0 ( 62.6%)
                      <zixl_I152>~_zixl                                          0.0 ( 37.4%)
                    <zixl_I152>~_zixl                                            0.0 (  5.6%)
                  <zixl_I152>~_zixl                                              0.0 ( 20.1%)
          zixl_6ISy-rI1A21-6IPZ-6PIZAe-Sy~_zixl                          1       0.0 ( 24.9%)
            zixl_rPZ4Sy-I152PI1~_zixl                                    1       0.0 ( 86.9%)
              zixl_rPZ4Sy-I152PI1-Sy~_zixl                               1       0.0 (100.0%)
                zixl_I152PI1-ArSy~_zixl                                  1       0.0 ( 20.8%)
                zixl_I152PI1-SSy~_zixl                                   1       0.0 ( 20.6%)
                zixl_I152PI1-4Sy~_zixl                                   1       0.0 ( 19.1%)
                zixl_rPZ4Sy-I152PI1-rSy~_zixl                            1       0.0 ( 13.3%)
                <zixl_I152>~_zixl                                                0.0 ( 26.2%)
            <zixl_I152>~_zixl                                                    0.0 ( 12.1%)
        zixl_eir1L51-5OLr-r71r8P32~_zixl                                 1       0.1 ( 48.8%)
      zixl_L125A5-52AI2-I3L~_zixl                                        1       0.1 (  7.4%)
        zixl_L125A5-34SA21-6ISy~_zixl                                    1       0.0 ( 64.0%)
          zixl_55Z-34SA21-6ISy~_zixl                                     1       0.0 ( 58.2%)
            <zixl_I152>~_zixl                                                    0.0 ( 99.6%)
          zixl_5At1-ArSy [E]~_zixl                                       1       0.0 ( 10.6%)
          <zixl_I152>~_zixl                                                      0.0 ( 31.1%)
        zixl_L125A5-iLi2-55Z~_zixl                                       1       0.0 ( 10.7%)
          zixl_5At1-ArSy [R]~_zixl                                       1       0.0 ( 69.5%)
          zixl_55Zr-I1512-510~_zixl                                      1       0.0 ( 20.7%)
            zixl_55Z-I1512-510~_zixl                                     1       0.0 ( 99.9%)
          zixl_55Zr-4I14AI1-5Le~_zixl                                    1       0.0 (  9.6%)
            zixl_5Le-eiL8-S15iqL [R]~_zixl                               1       0.0 ( 16.5%)
            zixl_bPZ4321VSq1CAt16PIZ5~_zixl                              1       0.0 (  5.4%)
              zixl_dLen1Ii6OV94Ic1IP~_zixl                               3       0.0 ( 32.9%)
                zixl_yy-yy [E]~_zixl                                     1       0.0 ( 20.2%)
                <zixl_I152>~_zixl                                                0.0 ( 79.8%)
              <zixl_I152>~_zixl                                                  0.0 ( 67.1%)
            <zixl_I152>~_zixl                                                    0.0 ( 78.1%)
        zixl_L125A5-rI1A21-yeL~_zixl                                     1       0.0 (  7.7%)
          zixl_5ry-58i4_yLe~_zixl                                        1       0.0 ( 79.3%)
            zixl_yeLdLe-P32~_zixl                                       26       0.0 ( 58.6%)
              zixl_yeLdLe-yy~_zixl                                      34       0.0 ( 95.8%)
                zixl_IUTe-y3ieS-6IPZ-AIIAO~_zixl                         1       0.0 ( 66.5%)
                zixl_yeLdLe-yy-yy~_zixl                                224       0.0 ( 13.1%)
                  zixl_yy-yy [R]~_zixl                                 224       0.0 ( 98.7%)
                  <zixl_I152>~_zixl                                              0.0 (  1.3%)
                <zixl_I152>~_zixl                                                0.0 ( 20.3%)
              <zixl_I152>~_zixl                                                  0.0 (  4.2%)
            <zixl_I152>~_zixl                                                    0.0 ( 41.4%)
          zixl_5ry-6i942~_zixl                                           1       0.0 ( 20.1%)
            zixl_UeLfA2AB1S3r1~_zixl                                     1       0.0 ( 55.6%)
              zixl_UeL-w352i6O~_zixl                                     1       0.0 ( 74.0%)
                zixl_UeL-5LeTUeL~_zixl                                   1       0.0 ( 80.0%)
                zixl_UeL-w352i6O-i~_zixl                                 1       0.0 ( 18.8%)
                  zixl_UeL-5LeTUeL-6iLi57~_zixl                          1       0.0 (  7.7%)
                  <zixl_I152>~_zixl                                              0.0 ( 92.3%)
                <zixl_I152>~_zixl                                                0.0 (  1.2%)
              zixl_UeL-SA2A~_zixl                                        1       0.0 (  5.4%)
                zixl_UeL-SA2A-tAI5~_zixl                                 1       0.0 ( 99.0%)
              zixl_UeL-SA2A-ALAeOz1~_zixl                               79       0.0 (  4.1%)
              zixl_UeL-SA2A-511L~_zixl                                   1       0.0 (  3.0%)
              <zixl_I152>~_zixl                                                  0.0 ( 13.5%)
            zixl_6i942-iLi2~_zixl                                        1       0.0 ( 30.9%)
              zixl_diZ3eA21dLeoZ4eb::diZ3eA21 [R]~_zixl                  4       0.0 (  7.4%)
              <zixl_I152>~_zixl                                                  0.0 ( 92.6%)
            <zixl_I152>~_zixl                                                    0.0 ( 12.7%)
        zixl_5Ir7-r2Ie-4I14AI1~_zixl                                     1       0.0 (  3.7%)
          zixl_oZ4eiri2bePr8fPZAiLb~_zixl                                1       0.0 ( 19.6%)
            zixl_bPZ4321see~_zixl                                        1       0.0 ( 74.6%)
            zixl_zi_5Le_y65_i21IA2PI_iLi2~_zixl                          1       0.0 ( 21.4%)
              zixl_zi_5Le_2P4PePqirAe_5PI2_iLi2~_zixl                    1       0.0 ( 78.4%)
              <zixl_I152>~_zixl                                                  0.0 ( 21.6%)
            zixl_aP43eA21d2AIV94I5~_zixl                                 1       0.0 (  3.6%)
          zixl_5iZ3eA21-iLi2-510~_zixl                                   1       0.0 ( 13.3%)
            zixl_diZ3eA21dLeoZ4eb::diZ3eA21 [E]~_zixl                    1       0.0 (  8.5%)
            zixl_A5iP-51LS [F]~_zixl                                     1       0.0 (  5.4%)
            zixl_diZ3eA21dLeoZ4eb::bP4OseefNPX~_zixl                     1       0.0 (  2.2%)
            <zixl_I152>~_zixl                                                    0.0 ( 83.8%)
          zixl_5Ir7-r2Ie_iLi2iAeizA2iPL~_zixl                            1       0.0 (  1.2%)
            zixl_zi_5Ir7_r2Ie_4P43eA21_r71r85Sy~_zixl                    1       0.0 ( 94.7%)
            <zixl_I152>~_zixl                                                    0.0 (  5.3%)
          zixl_5Le-e1t1e-rPZ4321-Aee [R]~_zixl                           1       0.0 (  1.0%)
          <zixl_I152>~_zixl                                                      0.0 ( 64.5%)
        <zixl_I152>~_zixl                                                        0.0 ( 13.7%)
      <zixl_I152>~_zixl                                                          0.8 ( 79.0%)

    <zixl_543IiP35>~_zixl                                                1       0.8 (100.0%)
  zixl_PIr-27I1AS~_zixl                                                  1       0.8         
    zixl_PIr-I3L~_zixl                                                   1       0.8 ( 95.9%)
      zixl_PIr-ZA521I-I3L-PL1~_zixl                                    214       0.8 ( 99.9%)
        <zixl_I152>~_zixl                                                        0.8 ( 99.6%)
    zixl_PIr-5732SPUL~_zixl                                              1       0.0 (  4.1%)
      zixl_PIr-ZA521I-7ALSe1-Z5q [R]~_zixl                               4       0.0 (  1.1%)
      <zixl_I152>~_zixl                                                          0.0 ( 98.8%)

  <zixl_58i441S>~_zixl                                                           0.0 (  1.0%)

================================================================================
== Profile: PEAK-MEMORY, CPU-freq = 4.00 GHz
                                                          Calls   Peak-Mb         
                                                                                  

    <zixl_543IiP35>~_zixl                                                1     112.0 (100.0%)
  zixl_L125A5-ZAiL~_zixl                                                 1     112.0         
    zixl_L125A5-1t1L2-ePP4~_zixl                                         1     112.0 (100.0%)
      zixl_L125A5-52AI234~_zixl                                          1      84.0 ( 75.0%)
        zixl_L125A5-iLi2-6ISy~_zixl                                      1      84.0 (100.0%)
          zixl_L125A5-ePAS-L12ei52~_zixl                                 1      84.0 (100.0%)
            zixl_6ISy-ePAS-L12ei52~_zixl                                 1      84.0 (100.0%)
              zixl_I152PI1-5Le~_zixl                                     1      84.0 (100.0%)
                zixl_zi_5Le_rPL2192_I152PI1~_zixl                        1      84.0 (100.0%)
                  <zixl_I152>~_zixl                                             84.0 (100.0%)
      zixl_L125A5-52AI2-I3L~_zixl                                        1      28.0 ( 25.0%)
        zixl_L125A5-rI1A21-yeL~_zixl                                     1      24.0 ( 85.7%)
          zixl_5ry-58i4_yLe~_zixl                                        1      24.0 (100.0%)
            <zixl_I152>~_zixl                                                   24.0 (100.0%)
        zixl_L125A5-iLi2-55Z~_zixl                                       1       4.0 ( 14.3%)
          zixl_5At1-ArSy [R]~_zixl                                       1       4.0 (100.0%)

    zixl_L125A5-iLi2-55Z~_zixl                                           1       4.0 (100.0%)
  zixl_5At1-ArSy~_zixl                                                   2       4.0         

