================================================================================
== Profile: REAL-TIME, CPU-freq = 4.00 GHz
                                                          Calls Real-Time  Parent 
                                                                  (milli) fraction

    <zixl_543IiP35>~_zixl                                                1     702.7 (100.0%)
  zixl_5eAt1-I3L-ePP4~_zixl                                              1     702.7         
    zixl_5eAt1-I3L-1LqiL1~_zixl                                          8      12.5 (  1.8%)
      zixl_IAI-iZ4e-5Pet1~_zixl                                          8      11.3 ( 90.1%)
        zixl_IAI-5Pet1~_zixl                                             8      10.2 ( 90.9%)
          zixl_IAI-5Pet1-5Pet1~_zixl                                    17       7.6 ( 74.1%)
            zixl_irY-5Pet1~_zixl                                        17       7.6 ( 99.7%)
              zixl_irY-yA51bA515~_zixl                                  17       3.5 ( 46.2%)
                zixl_IAI-6iI1dA61 [E]~_zixl                             10       2.2 ( 62.8%)
                zixl_5Pet1 [R]~_zixl                                    32       0.4 ( 10.1%)
                zixl_L1U-tAI [T]~_zixl                                 389       0.1 (  2.6%)
                zixl_IAI-4IPt1 [R]~_zixl                                 6       0.0 (  1.4%)
                zixl_4r-I14PI2aIPP6 [E]~_zixl                            2       0.0 (  1.1%)
                <zixl_I152>~_zixl                                                0.8 ( 21.5%)
              zixl_irY-52I1Lq271L~_zixl                                 20       2.0 ( 25.9%)
                zixl_irY-rPL51r32iPL [E]~_zixl                          46       1.0 ( 51.1%)
                zixl_irY-q1L1IAeiz1~_zixl                               13       0.6 ( 32.7%)
                  zixl_irY-Zir~_zixl                                    13       0.5 ( 77.3%)
                    zixl_irY-rPL51r32iPL [R]~_zixl                      28       0.3 ( 58.6%)
                    zixl_irY-34~_zixl                                   11       0.1 ( 24.4%)
                      zixl_5r5-5Pet1 [T]~_zixl                          11       0.0 ( 31.2%)
                      zixl_5Pet1 [G]~_zixl                              11       0.0 ( 12.7%)
                      zixl_L1U-tAI [RY]~_zixl                           17       0.0 (  1.8%)
                      <zixl_I152>~_zixl                                          0.1 ( 53.4%)
                    zixl_irY-iLi2iA2iPL [E]~_zixl                       39       0.1 ( 10.8%)
                    zixl_irY-PIS1Ib3y1~_zixl                            13       0.0 (  1.8%)
                      zixl_irY-UPISb3y1~_zixl                           13       0.0 ( 57.2%)
                      zixl_irY-PIS1Ib3y1-y~_zixl                        10       0.0 ( 26.4%)
                      <zixl_I152>~_zixl                                          0.0 ( 16.3%)
                    <zixl_I152>~_zixl                                            0.0 (  4.0%)
                  zixl_irY-rPL51r32iPL [T]~_zixl                        11       0.1 ( 16.3%)
                  zixl_irY-ASSb3y1 [E]~_zixl                            13       0.0 (  2.8%)
                  <zixl_I152>~_zixl                                              0.0 (  2.5%)
                  <zixl_58i441S>~_zixl                                           0.0 (  1.1%)
                zixl_irY-52A21p6[gIPL2i1I]~_zixl                        12       0.1 (  6.2%)
                  zixl_5Pet1 [Y]~_zixl                                  12       0.1 ( 52.3%)
                  zixl_L1U-tAI [RG]~_zixl                               19       0.0 (  4.9%)
                  <zixl_I152>~_zixl                                              0.1 ( 42.8%)
                zixl_5r5-5Pet1 [E]~_zixl                                22       0.1 (  4.3%)
                zixl_irY-iLi2iA2iPL [T]~_zixl                           27       0.0 (  1.1%)
                <zixl_I152>~_zixl                                                0.1 (  4.7%)
              zixl_irY-5Pet1[rPL6iq3I1]~_zixl                            5       0.7 (  9.1%)
                zixl_irY-I1512dPet1I5 [E]~_zixl                          5       0.2 ( 35.5%)
                zixl_irY-rPL6iq3I1gIPL2i1I~_zixl                         5       0.2 ( 31.4%)
                  zixl_L1U-tAI [D]~_zixl                               106       0.0 ( 12.1%)
                  zixl_L1U-r73L8 [T]~_zixl                              10       0.0 (  9.4%)
                  zixl_I1ePr-34SA21 [R]~_zixl                            5       0.0 (  5.8%)
                  zixl_I1ZPt1-5A2i56i1S [T]~_zixl                       25       0.0 (  4.1%)
                  zixl_I1ePr-rP4O [R]~_zixl                              5       0.0 (  3.9%)
                  zixl_55-ASSdP3Ir1 [Y]~_zixl                           41       0.0 (  2.0%)
                  <zixl_I152>~_zixl                                              0.1 ( 61.8%)
                zixl_irY-rPL6iq3I1xi62gIPL2i1I [E]~_zixl                 5       0.2 ( 25.3%)
                zixl_5r5-I1512 [E]~_zixl                                 5       0.0 (  3.0%)
                zixl_55-I1512 [Y]~_zixl                                  5       0.0 (  2.6%)
                zixl_L1U-tAI [F]~_zixl                                   5       0.0 (  1.4%)
              zixl_irY-4IP4AqA21~_zixl                                  10       0.4 (  5.2%)
                zixl_irY-U1A8bPL51r32iPL~_zixl                          21       0.3 ( 81.2%)
                  zixl_5r5-5Pet1 [Y]~_zixl                              21       0.3 ( 87.4%)
                  <zixl_I152>~_zixl                                              0.0 ( 12.6%)
                zixl_4r-I14PI2aIPP6 [R]~_zixl                            1       0.0 (  5.6%)
                <zixl_I152>~_zixl                                                0.0 ( 12.4%)
              zixl_irY-9A553Z15~_zixl                                    5       0.3 (  3.8%)
                zixl_irY-I1512xi62dPet1I5~_zixl                          5       0.3 ( 90.1%)
                  zixl_irY-rPL6iq3I1xi62gIPL2i1I [R]~_zixl               5       0.1 ( 45.9%)
                  zixl_irY-rPL6iq3I1xi62 [R]~_zixl                       5       0.1 ( 38.1%)
                  zixl_55-I1512 [G]~_zixl                               10       0.0 ( 15.4%)
                <zixl_I152>~_zixl                                                0.0 (  9.9%)
              zixl_irY-I1512dPet1I5 [R]~_zixl                           10       0.3 (  3.7%)
              zixl_IAI-6iI1dA61 [R]~_zixl                                5       0.2 (  2.5%)
              zixl_IAI-4IPt1 [E]~_zixl                                  15       0.1 (  1.6%)
              <zixl_I152>~_zixl                                                  0.1 (  1.4%)
          zixl_IAI-51234~_zixl                                          17       1.2 ( 11.5%)
            zixl_55-I1512 [R]~_zixl                                    136       0.7 ( 61.1%)
            zixl_IAI-rAIIO~_zixl                                         9       0.1 (  5.6%)
              zixl_irY-rAIIONP~_zixl                                     9       0.1 ( 93.5%)
                zixl_irY-ASSb3y1 [R]~_zixl                              14       0.0 ( 67.2%)
                <zixl_I152>~_zixl                                                0.0 ( 32.8%)
              <zixl_I152>~_zixl                                                  0.0 (  6.5%)
            zixl_IAI-rPL52I3r2~_zixl                                    17       0.0 (  3.8%)
              zixl_yeL-rI1A21-i21~_zixl                                 58       0.0 ( 14.0%)
              <zixl_I152>~_zixl                                                  0.0 ( 86.0%)
            <zixl_I152>~_zixl                                                    0.3 ( 29.5%)
          <zixl_I152>~_zixl                                                      1.4 ( 13.5%)
        zixl_4r-4IPt1~_zixl                                              8       0.1 (  1.2%)
          zixl_5Pet1 [E]~_zixl                                           8       0.0 ( 28.4%)
          zixl_55-I1512 [E]~_zixl                                        1       0.0 ( 10.9%)
          zixl_L1U-tAI [R]~_zixl                                        16       0.0 (  9.1%)
          zixl_55-ASSdP3Ir1 [E]~_zixl                                    6       0.0 (  1.7%)
          <zixl_I152>~_zixl                                                      0.1 ( 49.9%)
        <zixl_I152>~_zixl                                                        0.9 (  7.8%)
      zixl_95eAt1-t52A21-4Pee~_zixl                                      1       0.2 (  1.2%)
        zixl_A5iP-I1rt [T]~_zixl                                         1       0.1 ( 88.4%)
        zixl_A5iP-51LS [T]~_zixl                                         1       0.0 (  4.8%)
        <zixl_I152>~_zixl                                                        0.0 (  6.8%)
      zixl_A5iP-I1rt [E]~_zixl                                           1       0.1 (  1.1%)
      <zixl_I152>~_zixl                                                          0.9 (  7.1%)
    <zixl_I152>~_zixl                                                          689.5 ( 98.1%)

  <zixl_58i441S>~_zixl                                                          11.7 (  1.7%)

================================================================================
== Profile: PEAK-MEMORY, CPU-freq = 4.00 GHz
                                                          Calls   Peak-Mb         
                                                                                  

    <zixl_543IiP35>~_zixl                                                1      12.0 (100.0%)
  zixl_5eAt1-I3L-ePP4~_zixl                                              1      12.0         
    zixl_5eAt1-I3L-1LqiL1~_zixl                                          8      12.0 (100.0%)
      zixl_IAI-iZ4e-5Pet1~_zixl                                          8      12.0 (100.0%)
        zixl_IAI-5Pet1~_zixl                                             8      12.0 (100.0%)
          zixl_IAI-51234~_zixl                                          17       8.0 ( 66.7%)
            zixl_55-I1512 [R]~_zixl                                    136       8.0 (100.0%)
          zixl_IAI-5Pet1-5Pet1~_zixl                                    17       4.0 ( 33.3%)
            zixl_irY-5Pet1~_zixl                                        17       4.0 (100.0%)
              zixl_irY-yA51bA515~_zixl                                  17       4.0 (100.0%)
                zixl_5Pet1 [R]~_zixl                                    32       4.0 (100.0%)

    zixl_55-I1512~_zixl                                                196       8.0 ( 66.7%)
    zixl_5Pet1~_zixl                                                    18       4.0 ( 33.3%)
  zixl_L1U-r73L8~_zixl                                                 236      12.0         

    zixl_IAI-51234~_zixl                                               136       8.0 (100.0%)
  zixl_55-I1512~_zixl                                                  196       8.0         
    zixl_L1U-r73L8 [E]~_zixl                                           196       8.0 (100.0%)

    zixl_irY-yA51bA515~_zixl                                            32       4.0 (100.0%)
  zixl_5Pet1~_zixl                                                     268       4.0         
    zixl_L1U-r73L8 [R]~_zixl                                            18       4.0 (100.0%)

