================================================================================
== Profile: REAL-TIME, CPU-freq = 4.00 GHz
                                                          Calls Real-Time  Parent 
                                                                  (milli) fraction

    <zixl_543IiP35>~_zixl                                                1     693.7 (100.0%)
  zixl_5eAt1-I3L-ePP4~_zixl                                              1     693.7         
    zixl_5eAt1-I3L-1LqiL1~_zixl                                          6      12.3 (  1.8%)
      zixl_IAI-iZ4e-5Pet1~_zixl                                          6      11.3 ( 92.0%)
        zixl_IAI-5Pet1~_zixl                                             5      10.9 ( 96.2%)
          zixl_IAI-5Pet1-5Pet1~_zixl                                    11       8.6 ( 79.3%)
            zixl_irY-5Pet1~_zixl                                        11       8.6 ( 99.9%)
              zixl_irY-52I1Lq271L~_zixl                                 31       4.2 ( 48.8%)
                zixl_irY-q1L1IAeiz1~_zixl                               36       2.3 ( 55.5%)
                  zixl_irY-Zir~_zixl                                    36       2.0 ( 84.1%)
                    zixl_irY-rPL51r32iPL [T]~_zixl                     112       1.3 ( 64.9%)
                    zixl_irY-34~_zixl                                   46       0.5 ( 23.6%)
                      zixl_5r5-5Pet1 [Y]~_zixl                          41       0.2 ( 38.0%)
                      zixl_5Pet1 [H]~_zixl                              46       0.1 ( 12.4%)
                      zixl_L1U-tAI [RK]~_zixl                           58       0.0 (  1.4%)
                      <zixl_I152>~_zixl                                          0.2 ( 47.6%)
                    zixl_irY-iLi2iA2iPL [T]~_zixl                      141       0.2 (  8.1%)
                    zixl_irY-PIS1Ib3y1~_zixl                            38       0.0 (  1.3%)
                      zixl_irY-UPISb3y1~_zixl                           38       0.0 ( 50.2%)
                      zixl_irY-PIS1Ib3y1-y~_zixl                        35       0.0 ( 32.7%)
                      <zixl_I152>~_zixl                                          0.0 ( 17.1%)
                    <zixl_I152>~_zixl                                            0.0 (  1.8%)
                  zixl_irY-rPL51r32iPL [R]~_zixl                        33       0.3 ( 12.6%)
                  zixl_irY-ASSb3y1 [E]~_zixl                            36       0.0 (  1.8%)
                zixl_irY-rPL51r32iPL [E]~_zixl                          86       1.3 ( 29.9%)
                zixl_5r5-5Pet1 [E]~_zixl                                38       0.2 (  5.9%)
                zixl_irY-52A21p6[gIPL2i1I]~_zixl                        17       0.2 (  4.4%)
                  zixl_5Pet1 [Y]~_zixl                                  17       0.1 ( 59.2%)
                  zixl_L1U-tAI [K]~_zixl                                30       0.0 (  3.3%)
                  <zixl_I152>~_zixl                                              0.1 ( 37.5%)
                <zixl_I152>~_zixl                                                0.1 (  3.4%)
              zixl_irY-5Pet1[rPL6iq3I1]~_zixl                            5       1.1 ( 12.6%)
                zixl_irY-rPL6iq3I1gIPL2i1I~_zixl                         5       0.4 ( 40.9%)
                  zixl_L1U-r73L8 [R]~_zixl                               8       0.2 ( 44.5%)
                  zixl_I1ePr-34SA21 [E]~_zixl                            4       0.0 (  7.3%)
                  zixl_L1U-tAI [D]~_zixl                               175       0.0 (  5.7%)
                  zixl_I1ePr-rP4O [E]~_zixl                              4       0.0 (  4.5%)
                  zixl_I1ZPt1-5A2i56i1S [T]~_zixl                       25       0.0 (  2.6%)
                  zixl_55-ASSdP3Ir1 [Y]~_zixl                           61       0.0 (  1.0%)
                  <zixl_I152>~_zixl                                              0.1 ( 33.7%)
                zixl_irY-rPL6iq3I1xi62gIPL2i1I [E]~_zixl                 5       0.3 ( 28.8%)
                zixl_irY-I1512dPet1I5 [E]~_zixl                          5       0.3 ( 26.3%)
                zixl_5r5-I1512 [E]~_zixl                                 5       0.0 (  1.6%)
                zixl_55-I1512 [Y]~_zixl                                  5       0.0 (  1.4%)
              zixl_irY-yA51bA515~_zixl                                  11       1.0 ( 12.1%)
                zixl_IAI-6iI1dA61 [E]~_zixl                              5       0.2 ( 17.9%)
                zixl_5Pet1 [R]~_zixl                                    20       0.2 ( 15.7%)
                zixl_L1U-tAI [T]~_zixl                                 384       0.1 (  7.5%)
                zixl_55-ASSdP3Ir1 [R]~_zixl                            186       0.0 (  1.7%)
                <zixl_I152>~_zixl                                                0.6 ( 56.9%)
              zixl_irY-4IP4AqA21~_zixl                                  21       0.7 (  7.6%)
                zixl_irY-U1A8bPL51r32iPL~_zixl                          44       0.5 ( 69.6%)
                  zixl_5r5-5Pet1 [T]~_zixl                              44       0.4 ( 80.7%)
                  <zixl_I152>~_zixl                                              0.1 ( 19.3%)
                zixl_4r-I14PI2aIPP6 [R]~_zixl                            2       0.1 ( 12.7%)
                zixl_irY-ASSb3y1 [R]~_zixl                              25       0.0 (  2.4%)
                <zixl_I152>~_zixl                                                0.1 ( 15.3%)
              zixl_irY-I1512dPet1I5 [R]~_zixl                           19       0.6 (  6.6%)
              zixl_irY-9A553Z15~_zixl                                    7       0.4 (  4.8%)
                zixl_irY-I1512xi62dPet1I5~_zixl                          7       0.4 ( 89.4%)
                  zixl_irY-rPL6iq3I1xi62gIPL2i1I [R]~_zixl               7       0.2 ( 55.2%)
                  zixl_irY-rPL6iq3I1xi62 [R]~_zixl                       7       0.1 ( 28.2%)
                  zixl_55-I1512 [G]~_zixl                               14       0.1 ( 15.9%)
                <zixl_I152>~_zixl                                                0.0 ( 10.6%)
              zixl_IAI-4IPt1 [R]~_zixl                                  24       0.2 (  2.8%)
              zixl_irY-ePqaIPP6~_zixl                                    2       0.2 (  2.3%)
                zixl_irY-iZ4IPt1~_zixl                                   2       0.1 ( 60.1%)
                  zixl_irY-rPL51r32iPL [Y]~_zixl                        11       0.1 ( 96.0%)
                  <zixl_I152>~_zixl                                              0.0 (  3.1%)
                zixl_4r-I14PI2aIPP6 [T]~_zixl                            2       0.0 ( 24.7%)
                zixl_IAI-4IPt1 [T]~_zixl                                 2       0.0 ( 11.4%)
                <zixl_I152>~_zixl                                                0.0 (  3.8%)
              <zixl_I152>~_zixl                                                  0.1 (  1.2%)
              <zixl_58i441S>~_zixl                                               0.1 (  1.2%)
          zixl_IAI-51234~_zixl                                          11       0.9 (  8.0%)
            zixl_55-I1512 [R]~_zixl                                     88       0.5 ( 63.1%)
            zixl_IAI-rAIIO~_zixl                                         6       0.0 (  5.5%)
              zixl_irY-rAIIONP~_zixl                                     6       0.0 ( 92.0%)
                zixl_irY-ASSb3y1 [Y]~_zixl                              20       0.0 ( 60.1%)
                <zixl_I152>~_zixl                                                0.0 ( 39.9%)
              <zixl_I152>~_zixl                                                  0.0 (  8.0%)
            <zixl_I152>~_zixl                                                    0.3 ( 30.5%)
          <zixl_I152>~_zixl                                                      1.3 ( 12.1%)
        zixl_4r-4IPt1~_zixl                                              6       0.2 (  1.5%)
          zixl_5Pet1 [E]~_zixl                                           6       0.0 ( 17.5%)
          zixl_4r-I14PI2aIPP6 [E]~_zixl                                  1       0.0 ( 10.6%)
          zixl_95eAt1-I14PI2-Ay52IAr2iPL [E]~_zixl                       1       0.0 (  9.7%)
          zixl_95eAt1-4IPt1 [E]~_zixl                                    1       0.0 (  9.3%)
          zixl_55-I1512 [E]~_zixl                                        1       0.0 (  7.3%)
          zixl_L1U-tAI [R]~_zixl                                        12       0.0 (  4.5%)
          <zixl_I152>~_zixl                                                      0.1 ( 40.2%)
        <zixl_I152>~_zixl                                                        0.3 (  2.3%)
      zixl_4r-4Pee-S1e2A~_zixl                                           1       0.2 (  1.4%)
        zixl_A5iP-I1rt [R]~_zixl                                         1       0.1 ( 86.5%)
        zixl_A5iP-51LS [R]~_zixl                                         1       0.0 (  6.1%)
        <zixl_I152>~_zixl                                                        0.0 (  7.4%)
      <zixl_I152>~_zixl                                                          0.6 (  5.2%)
      <zixl_58i441S>~_zixl                                                       0.2 (  1.4%)
    <zixl_I152>~_zixl                                                          681.1 ( 98.2%)

  <zixl_58i441S>~_zixl                                                          15.1 (  2.2%)

================================================================================
== Profile: PEAK-MEMORY, CPU-freq = 4.00 GHz
                                                          Calls   Peak-Mb         
                                                                                  

    <zixl_543IiP35>~_zixl                                                1      12.0 (100.0%)
  zixl_5eAt1-I3L-ePP4~_zixl                                              1      12.0         
    zixl_5eAt1-I3L-1LqiL1~_zixl                                          6      12.0 (100.0%)
      zixl_IAI-iZ4e-5Pet1~_zixl                                          6      12.0 (100.0%)
        zixl_IAI-5Pet1~_zixl                                             5      12.0 (100.0%)
          zixl_IAI-51234~_zixl                                          11       8.0 ( 66.7%)
            zixl_55-I1512 [R]~_zixl                                     88       8.0 (100.0%)
          zixl_IAI-5Pet1-5Pet1~_zixl                                    11       4.0 ( 33.3%)
            zixl_irY-5Pet1~_zixl                                        11       4.0 (100.0%)
              zixl_irY-5Pet1[rPL6iq3I1]~_zixl                            5       4.0 (100.0%)
                zixl_irY-rPL6iq3I1gIPL2i1I~_zixl                         5       4.0 (100.0%)
                  zixl_L1U-r73L8 [R]~_zixl                               8       4.0 (100.0%)

    zixl_55-I1512~_zixl                                                159       8.0 ( 66.7%)
    zixl_irY-rPL6iq3I1gIPL2i1I~_zixl                                     8       4.0 ( 33.3%)
  zixl_L1U-r73L8~_zixl                                                 209      12.0         

    zixl_IAI-51234~_zixl                                                88       8.0 (100.0%)
  zixl_55-I1512~_zixl                                                  159       8.0         
    zixl_L1U-r73L8 [E]~_zixl                                           159       8.0 (100.0%)

