# 
# Questa Static Verification System
# Version 2019.2_1 linux_x86_64 18 May 2019


Command-line arguments:
	-jobs 4 \ 
	-init qs_files/fifo.init \ 
	-timeout 5m 

Warning : Deprecated option to '* verify' command.  Option '-init'. Use 'formal init' directive instead.  [formal-303]
Info    : Using initialization sequence file to initialize design state.  File '/homes/user/stud/fall19/hz2619/fifo/quickstart_propcheck/qs_files/fifo.init'.  [formal-205]
Applying synthesis semantics to design: fifo_wrapper
[00:00:00] Status: Done 0/15, Update 0/15, Proof radius min=0, avg=0.00, Mem=0GB
[00:00:00] Established connection with process, Hostname=cadpc14, pid=6370.
[00:00:00] Established connection with process, Hostname=cadpc14, pid=6373.
[00:00:00] Established connection with process, Hostname=cadpc14, pid=6377.
[00:00:00] Established connection with process, Hostname=cadpc14, pid=6380.
[00:00:00] Covered @1: fifo_num_entries_6
[00:00:00] Covered @1: fifo_num_entries_5
[00:00:00] Covered @1: fifo_num_entries_4
[00:00:00] Covered @1: fifo_num_entries_3
[00:00:00] Covered @1: fifo_num_entries_2
[00:00:00] Covered @1: fifo_num_entries_1
[00:00:00] Covered @1: fifo_num_entries_0
[00:00:00] Vacuously Proven: fifo_inst.assert_reset
[00:00:00] Proven: fifo_inst.assert_not_empty
[00:00:00] Proven: fifo_inst.assert_empty
[00:00:00] Proven: fifo_inst.assert_not_full
[00:00:00] Proven: fifo_inst.assert_become_empty
[00:00:00] Proven: fifo_inst.assert_neither_full_nor_empty
[00:00:00] Proven: fifo_inst.assert_become_full
[00:00:00] Proven: fifo_inst.asser_full
[00:00:00] Status: Done 15/15, Update 15/15, Proof radius min=N/A, avg=N/A, Mem=1GB

---------------------------------------
Property Summary                  Count
---------------------------------------
Assumed                               3
Proven                                8
  Vacuous                             1
Covered                               7
Inconclusive                          0
Fired                                 0
Uncoverable                           0
---------------------------------------
Total                                18
---------------------------------------


--------- Process Statistics ----------
Elapsed Time                       0 s 
-------- Orchestration Process --------
------------ cadpc14:6361 -------------
CPU Time                           0 s 
Peak Memory                      0.4 GB
---------- Engine Processes -----------
------------ cadpc14:6370 -------------
CPU Time                           0 s 
Peak Memory                      0.1 GB
CPU Utilization                    0 % 
------------ cadpc14:6373 -------------
CPU Time                           1 s 
Peak Memory                      0.3 GB
CPU Utilization                    0 % 
------------ cadpc14:6377 -------------
CPU Time                           0 s 
Peak Memory                      0.1 GB
CPU Utilization                    0 % 
------------ cadpc14:6380 -------------
CPU Time                           0 s 
Peak Memory                      0.1 GB
CPU Utilization                    0 % 
---------------------------------------


Message Summary
---------------------------------------------------------------------------
Count  Type     Message ID         Summary
---------------------------------------------------------------------------
    1  Warning  formal-303         Deprecated option to '* verify' command.
    1  Info     formal-205         Using initialization sequence file to initialize design state.

Final Process Statistics: Peak Memory 0.35GB, Cumulative CPU Time 1s, Elapsed Time 0s

To see results in the GUI run:
qverify /homes/user/stud/fall19/hz2619/fifo/quickstart_propcheck/Output_Results/formal_verify.db

