# 
# Copyright 1995-2018 Mentor Graphics Corporation.
# All Rights Reserved.
# 
# THIS WORK CONTAINS TRADE SECRET AND PROPRIETARY INFORMATION 
# WHICH IS THE PROPERTY OF MENTOR GRAPHICS CORPORATION OR ITS
# LICENSORS AND IS SUBJECT TO LICENSE TERMS.
# 
# THIS DOCUMENT CONTAINS TRADE SECRETS AND COMMERCIAL OR FINANCIAL
# INFORMATION THAT ARE PRIVILEGED, CONFIDENTIAL, AND EXEMPT FROM
# DISCLOSURE UNDER THE FREEDOM OF INFORMATION ACT, 5 U.S.C. SECTION
# 552.  FURTHERMORE, THIS INFORMATION IS PROHIBITED FROM DISCLOSURE
# UNDER THE TRADE SECRETS ACT, 18 U.S.C. SECTION 1905.
# 
# 
# Questa Static Verification System
# Version 2019.2_1 linux_x86_64 18 May 2019
# 
# log created Wed Dec 18 09:46:24 2019 by hz2619 on cadpc14
# 
# 
# Command: netlist elaborate
# Command arguments:
#     -zdb
#       /homes/user/stud/fall19/hz2619/fifo/quickstart_propcheck/Output_Results/qcache/DB/zdb_1
#     -tool propcheck
#     -d fifo_wrapper
# 
# 
## Elaborating Design...
# Reading MTI mapping for library mapping
# Writing all MTI mappings to vmap output ...
# 
# Top level modules:
# 	fifo_wrapper
# 
# Analyzing design...
# -- Loading module z0in_work.fifo_wrapper
# -- Loading module z0in_work.fifo
# Optimizing 2 design-units (inlining 0/2 module instances):
# -- Optimizing module z0in_work.fifo(fast)
# -- Optimizing module z0in_work.fifo_wrapper(fast)
# Optimized design name is zi_opt_csl_1769067501_1
# End of log Wed Dec 18 09:46:26 2019
# 
# 
# 
# Questa Static Verification System
# Version 2019.2_1 linux_x86_64 18 May 2019
# 
# log created Wed Dec 18 09:46:26 2019 by hz2619 on cadpc14
# 
# 
# Command: netlist create
# Command arguments:
#     -zdb
#       /homes/user/stud/fall19/hz2619/fifo/quickstart_propcheck/Output_Results/qcache/DB/zdb_1
#     -tool propcheck
#     -d fifo_wrapper
# 
# 
## Synthesizing netlist...
# Processing module 'fifo'
# Elaborating module 'fifo'.
# Processing module 'fifo_wrapper'
# Elaborating module 'fifo_wrapper'.
# 
##Time Taken (Synthesis) = 720000.000000 ticks = 0.720000 secs
# 
# End of log Wed Dec 18 09:46:28 2019
# 
# 
# 
# Questa Static Verification System
# Version 2019.2_1 linux_x86_64 18 May 2019
# 
# log created Wed Dec 18 09:46:28 2019 by hz2619 on cadpc14
# 
# 
# Command: formal compile
# Command arguments:
#     -zdb
#       /homes/user/stud/fall19/hz2619/fifo/quickstart_propcheck/Output_Results/qcache/DB/zdb_1
#     -d fifo_wrapper
# 
# 
## Processing Formal Logic...
# Processing module 'fifo'
# Restoring module 'fifo'.
# Processing module 'fifo_wrapper'
# Restoring module 'fifo_wrapper'.
# Flattening design 'fifo'.
# Flattening design 'fifo_wrapper'.
# Info    : Detected reset.  Reset: rst, polarity: synchronous, active: high.  [netlist-12]
# Info    : Detected clock.  Clock: clk, polarity: posedge.  [netlist-11]
# Design is processed for formal verification.  Design 'fifo_wrapper'.
# 
# Clocks
# ------------------------------------------------------------------------------
# Port                                   Period         Waveform    Edges
# ------------------------------------------------------------------------------
# clk                                        10              0 5    PE   
# ------------------------------------------------------------------------------
# 
# Blackboxes
# ------------------------------------------------------------------------------
# Module name                                                Reason
# ------------------------------------------------------------------------------
# <no blackboxed modules>
# ------------------------------------------------------------------------------
# 
# Inferred directives
# ------------------------------------------------------------------------------
# <no inferred directives>
# ------------------------------------------------------------------------------
# 
# Design is linked for formal analysis.  Design 'fifo_wrapper'.
# Formal model has been created.
# 
# Property Summary
# -------------------------------------------------------------------------------
# Total  Directives :18
# Assert Directives :8
# Assume Directives :3
# Cover  Directives :7
# 
# SVA Summary
# -------------------------------------------------------------------------------
# SVA Directive Type        Directives           Checkers
# -------------------------------------------------------------------------------
# Assert                         8                   8
# Assume                         3                   3
# Cover                          7                   7
# -------------------------------------------------------------------------------
# 
# Design Checks Summary
# -------------------------------------------------------------------------------
# Check                              Found
# -------------------------------------------------------------------------------
# DECLARATION_UNDRIVEN                    1
# -------------------------------------------------------------------------------
# Total                                  1
# -------------------------------------------------------------------------------
# 
# 
# To see results in the GUI run:
# qverify /homes/user/stud/fall19/hz2619/fifo/quickstart_propcheck/Output_Results/formal_compile.db
# 
# 
# Message Summary
# ---------------------------------------------------------------------------
# Count  Type     Message ID         Summary
# ---------------------------------------------------------------------------
#     1  Info     netlist-11         Detected clock.
#     1  Info     netlist-12         Detected reset.
# 
# Final Process Statistics: Max memory 630MB, CPU time 2s, Total time 5s
# End of log Wed Dec 18 09:46:29 2019
# 
# 
# 
# Questa Static Verification System
# Version 2019.2_1 linux_x86_64 18 May 2019
# 
# 
# Command-line arguments:
# 	-jobs 4 \ 
# 	-init qs_files/fifo.init \ 
# 	-timeout 5m 
# 
# Warning : Deprecated option to '* verify' command.  Option '-init'. Use 'formal init' directive instead.  [formal-303]
# Info    : Using initialization sequence file to initialize design state.  File '/homes/user/stud/fall19/hz2619/fifo/quickstart_propcheck/qs_files/fifo.init'.  [formal-205]
# Applying synthesis semantics to design: fifo_wrapper
# [00:00:00] Status: Done 0/15, Update 0/15, Proof radius min=0, avg=0.00, Mem=0GB
# [00:00:00] Established connection with process, Hostname=cadpc14, pid=6370.
# [00:00:00] Established connection with process, Hostname=cadpc14, pid=6373.
# [00:00:00] Established connection with process, Hostname=cadpc14, pid=6377.
# [00:00:00] Established connection with process, Hostname=cadpc14, pid=6380.
# [00:00:00] Covered @1: fifo_num_entries_6
# [00:00:00] Covered @1: fifo_num_entries_5
# [00:00:00] Covered @1: fifo_num_entries_4
# [00:00:00] Covered @1: fifo_num_entries_3
# [00:00:00] Covered @1: fifo_num_entries_2
# [00:00:00] Covered @1: fifo_num_entries_1
# [00:00:00] Covered @1: fifo_num_entries_0
# [00:00:00] Vacuously Proven: fifo_inst.assert_reset
# [00:00:00] Proven: fifo_inst.assert_not_empty
# [00:00:00] Proven: fifo_inst.assert_empty
# [00:00:00] Proven: fifo_inst.assert_not_full
# [00:00:00] Proven: fifo_inst.assert_become_empty
# [00:00:00] Proven: fifo_inst.assert_neither_full_nor_empty
# [00:00:00] Proven: fifo_inst.assert_become_full
# [00:00:00] Proven: fifo_inst.asser_full
# [00:00:00] Status: Done 15/15, Update 15/15, Proof radius min=N/A, avg=N/A, Mem=1GB
# 
# ---------------------------------------
# Property Summary                  Count
# ---------------------------------------
# Assumed                               3
# Proven                                8
#   Vacuous                             1
# Covered                               7
# Inconclusive                          0
# Fired                                 0
# Uncoverable                           0
# ---------------------------------------
# Total                                18
# ---------------------------------------
# 
# 
# --------- Process Statistics ----------
# Elapsed Time                       0 s 
# -------- Orchestration Process --------
# ------------ cadpc14:6361 -------------
# CPU Time                           0 s 
# Peak Memory                      0.4 GB
# ---------- Engine Processes -----------
# ------------ cadpc14:6370 -------------
# CPU Time                           0 s 
# Peak Memory                      0.1 GB
# CPU Utilization                    0 % 
# ------------ cadpc14:6373 -------------
# CPU Time                           1 s 
# Peak Memory                      0.3 GB
# CPU Utilization                    0 % 
# ------------ cadpc14:6377 -------------
# CPU Time                           0 s 
# Peak Memory                      0.1 GB
# CPU Utilization                    0 % 
# ------------ cadpc14:6380 -------------
# CPU Time                           0 s 
# Peak Memory                      0.1 GB
# CPU Utilization                    0 % 
# ---------------------------------------
# 
# 
# Message Summary
# ---------------------------------------------------------------------------
# Count  Type     Message ID         Summary
# ---------------------------------------------------------------------------
#     1  Warning  formal-303         Deprecated option to '* verify' command.
#     1  Info     formal-205         Using initialization sequence file to initialize design state.
# 
# Final Process Statistics: Peak Memory 0.35GB, Cumulative CPU Time 1s, Elapsed Time 0s
# 
# To see results in the GUI run:
# qverify /homes/user/stud/fall19/hz2619/fifo/quickstart_propcheck/Output_Results/formal_verify.db
# 
