================================================================================
== Profile: REAL-TIME, CPU-freq = 4.00 GHz
                                                          Calls Real-Time  Parent 
                                                                   (secs) fraction

    <zixl_543IiP35>~_zixl                                                1       1.3 (100.0%)
  zixl_z57-ZAiL~_zixl                                                    1       1.3         
    zixl_zi_iSe2_I3L_tP42~_zixl                                          1       0.8 ( 60.0%)
      zixl_iSe2-4IPr155~_zixl                                            1       0.8 ( 99.7%)
        zixl_tP42-ZAiL~_zixl                                             1       0.5 ( 62.9%)
          zixl_zi_iSe2_2IAL5eA21_tePq~_zixl                              1       0.0 (  3.7%)
            zixl_2IAL5eA21-tePq~_zixl                                    1       0.0 ( 64.9%)
            <zixl_I152>~_zixl                                                    0.0 ( 35.0%)
          <zixl_I152>~_zixl                                                      0.5 ( 96.2%)
        zixl_iSe2-5At1~_zixl                                             1       0.0 (  2.9%)
          zixl_42-5At1~_zixl                                             1       0.0 ( 35.7%)
          zixl_32q-5At1~_zixl                                            1       0.0 ( 14.1%)
          <zixl_I152>~_zixl                                                      0.0 ( 50.3%)
        <zixl_I152>~_zixl                                                        0.3 ( 34.2%)
    <zixl_I152>~_zixl                                                            0.5 ( 40.0%)


================================================================================
== Profile: PEAK-MEMORY, CPU-freq = 4.00 GHz
                                                          Calls   Peak-Mb         
                                                                                  

    <zixl_543IiP35>~_zixl                                                1      20.0 (100.0%)
  zixl_z57-ZAiL~_zixl                                                    1      20.0         
    zixl_zi_iSe2_I3L_tP42~_zixl                                          1      16.0 ( 80.0%)
      zixl_iSe2-4IPr155~_zixl                                            1      16.0 (100.0%)
        zixl_tP42-ZAiL~_zixl                                             1      12.0 ( 75.0%)
          <zixl_I152>~_zixl                                                     12.0 (100.0%)
        <zixl_I152>~_zixl                                                        4.0 ( 25.0%)
    <zixl_I152>~_zixl                                                            4.0 ( 20.0%)

